2026-04-07 16:23:04,270 [INFO] Batch processing 6 images from data/raw/images
2026-04-07 16:23:04,344 [INFO] Resized proportionally: 342x513 -> 500x750
2026-04-07 16:23:04,345 [INFO] Thumbnail saved: data/processed/thumbnails/buPFnHZ3xQy6vZEHxbHgL1Pc6CR_thumb.jpg (85, 128)
2026-04-07 16:23:04,397 [INFO] WebP: 43KB -> 39KB (7.7% saving)
2026-04-07 16:23:04,397 [WARNING] No EXIF data found in data/raw/images/buPFnHZ3xQy6vZEHxbHgL1Pc6CR.jpg
2026-04-07 16:23:04,402 [INFO] Resized proportionally: 342x513 -> 500x750
2026-04-07 16:23:04,404 [INFO] Thumbnail saved: data/processed/thumbnails/bRBeSHfGHwkEpImlhxPmOcUsaeg_thumb.jpg (85, 128)
2026-04-07 16:23:04,419 [INFO] WebP: 58KB -> 55KB (4.7% saving)
2026-04-07 16:23:04,419 [WARNING] No EXIF data found in data/raw/images/bRBeSHfGHwkEpImlhxPmOcUsaeg.jpg
2026-04-07 16:23:04,423 [INFO] Resized proportionally: 342x513 -> 500x750
2026-04-07 16:23:04,424 [INFO] Thumbnail saved: data/processed/thumbnails/iGpMm603GUKH2SiXB2S5m4sZ17t_thumb.jpg (85, 128)
2026-04-07 16:23:04,436 [INFO] WebP: 46KB -> 41KB (10.6% saving)
2026-04-07 16:23:04,436 [WARNING] No EXIF data found in data/raw/images/iGpMm603GUKH2SiXB2S5m4sZ17t.jpg
2026-04-07 16:23:04,451 [INFO] Resized proportionally: 1033x1438 -> 500x696
2026-04-07 16:23:04,459 [INFO] Thumbnail saved: data/processed/thumbnails/test_thumb.jpg (92, 128)
2026-04-07 16:23:04,538 [INFO] WebP: 187KB -> 217KB (-16.0% saving)
2026-04-07 16:23:04,542 [INFO] Resized proportionally: 342x513 -> 500x750
2026-04-07 16:23:04,543 [INFO] Thumbnail saved: data/processed/thumbnails/xjtWQ2CL1mpmMNwuU5HeS4Iuwuu_thumb.jpg (85, 128)
2026-04-07 16:23:04,554 [INFO] WebP: 32KB -> 26KB (18.1% saving)
2026-04-07 16:23:04,554 [WARNING] No EXIF data found in data/raw/images/xjtWQ2CL1mpmMNwuU5HeS4Iuwuu.jpg
2026-04-07 16:23:04,557 [INFO] Resized proportionally: 342x513 -> 500x750
2026-04-07 16:23:04,558 [INFO] Thumbnail saved: data/processed/thumbnails/tVvpFIoteRHNnoZMhdnwIVwJpCA_thumb.jpg (85, 128)
2026-04-07 16:23:04,568 [INFO] WebP: 32KB -> 27KB (17.5% saving)
2026-04-07 16:23:04,568 [WARNING] No EXIF data found in data/raw/images/tVvpFIoteRHNnoZMhdnwIVwJpCA.jpg
2026-04-07 16:23:04,569 [INFO] Batch complete. Success: 6, Errors: 0
2026-04-07 20:04:03,055 [INFO] Batch processing 6 images from data/raw/images
2026-04-07 20:04:03,078 [INFO] Resized proportionally: 342x513 -> 500x750
2026-04-07 20:04:03,080 [INFO] Thumbnail saved: data/processed/thumbnails/buPFnHZ3xQy6vZEHxbHgL1Pc6CR_thumb.jpg (85, 128)
2026-04-07 20:04:03,138 [INFO] WebP: 43KB -> 39KB (7.7% saving)
2026-04-07 20:04:03,138 [WARNING] No EXIF data found in data/raw/images/buPFnHZ3xQy6vZEHxbHgL1Pc6CR.jpg
2026-04-07 20:04:03,143 [INFO] Resized proportionally: 342x513 -> 500x750
2026-04-07 20:04:03,146 [INFO] Thumbnail saved: data/processed/thumbnails/bRBeSHfGHwkEpImlhxPmOcUsaeg_thumb.jpg (85, 128)
2026-04-07 20:04:03,160 [INFO] WebP: 58KB -> 55KB (4.7% saving)
2026-04-07 20:04:03,161 [WARNING] No EXIF data found in data/raw/images/bRBeSHfGHwkEpImlhxPmOcUsaeg.jpg
2026-04-07 20:04:03,165 [INFO] Resized proportionally: 342x513 -> 500x750
2026-04-07 20:04:03,166 [INFO] Thumbnail saved: data/processed/thumbnails/iGpMm603GUKH2SiXB2S5m4sZ17t_thumb.jpg (85, 128)
2026-04-07 20:04:03,178 [INFO] WebP: 46KB -> 41KB (10.6% saving)
2026-04-07 20:04:03,178 [WARNING] No EXIF data found in data/raw/images/iGpMm603GUKH2SiXB2S5m4sZ17t.jpg
2026-04-07 20:04:03,194 [INFO] Resized proportionally: 1033x1438 -> 500x696
2026-04-07 20:04:03,202 [INFO] Thumbnail saved: data/processed/thumbnails/test_thumb.jpg (92, 128)
2026-04-07 20:04:03,281 [INFO] WebP: 187KB -> 217KB (-16.0% saving)
2026-04-07 20:04:03,285 [INFO] Resized proportionally: 342x513 -> 500x750
2026-04-07 20:04:03,286 [INFO] Thumbnail saved: data/processed/thumbnails/xjtWQ2CL1mpmMNwuU5HeS4Iuwuu_thumb.jpg (85, 128)
2026-04-07 20:04:03,296 [INFO] WebP: 32KB -> 26KB (18.1% saving)
2026-04-07 20:04:03,296 [WARNING] No EXIF data found in data/raw/images/xjtWQ2CL1mpmMNwuU5HeS4Iuwuu.jpg
2026-04-07 20:04:03,300 [INFO] Resized proportionally: 342x513 -> 500x750
2026-04-07 20:04:03,301 [INFO] Thumbnail saved: data/processed/thumbnails/tVvpFIoteRHNnoZMhdnwIVwJpCA_thumb.jpg (85, 128)
2026-04-07 20:04:03,311 [INFO] WebP: 32KB -> 27KB (17.5% saving)
2026-04-07 20:04:03,311 [WARNING] No EXIF data found in data/raw/images/tVvpFIoteRHNnoZMhdnwIVwJpCA.jpg
2026-04-07 20:04:03,462 [INFO] Please visit this URL to authorize this application: https://accounts.google.com/o/oauth2/auth?response_type=code&client_id=331349678997-mqaolnpsptjekeb1r1hv4jtrrjpvqfh9.apps.googleusercontent.com&redirect_uri=http%3A%2F%2Flocalhost%3A60033%2F&scope=https%3A%2F%2Fwww.googleapis.com%2Fauth%2Fdrive.file&state=eTefQCVO6353XuWsOy5Tn32doIfyBz&code_challenge=Vj_a5Kg4BTMNS6hJDG6dBAidPFwm-0f0UUpIfiKdbzo&code_challenge_method=S256&access_type=offline
2026-04-07 20:04:08,362 [INFO] "GET /?state=eTefQCVO6353XuWsOy5Tn32doIfyBz&iss=https://accounts.google.com&code=4/0Aci98E-zQ6ipGfDhe0U4p9Bo9uTiQIA5YuRdrFfZbpmzcKAcuyY58Y0ySHqzk1uh88b6CQ&scope=https://www.googleapis.com/auth/drive.file HTTP/1.1" 200 65
2026-04-07 20:04:08,661 [INFO] file_cache is only supported with oauth2client<4.0.0
2026-04-07 20:04:10,447 [INFO] file_cache is only supported with oauth2client<4.0.0
2026-04-07 20:04:12,280 [INFO] file_cache is only supported with oauth2client<4.0.0
2026-04-07 20:04:14,276 [INFO] file_cache is only supported with oauth2client<4.0.0
2026-04-07 20:04:16,285 [INFO] file_cache is only supported with oauth2client<4.0.0
2026-04-07 20:04:18,105 [INFO] file_cache is only supported with oauth2client<4.0.0
2026-04-07 20:04:19,912 [INFO] file_cache is only supported with oauth2client<4.0.0
2026-04-07 20:04:21,825 [INFO] file_cache is only supported with oauth2client<4.0.0
2026-04-07 20:04:23,895 [INFO] file_cache is only supported with oauth2client<4.0.0
2026-04-07 20:04:25,952 [INFO] file_cache is only supported with oauth2client<4.0.0
2026-04-07 20:04:27,795 [INFO] file_cache is only supported with oauth2client<4.0.0
2026-04-07 20:04:29,496 [INFO] file_cache is only supported with oauth2client<4.0.0
2026-04-07 20:04:31,357 [INFO] Batch complete. Success: 6, Errors: 0
2026-04-13 00:37:29,524 - INFO - Fetching page 1
2026-04-13 00:37:29,524 - ERROR - API request failed
2026-04-13 00:37:30,088 - INFO - Loaded audio: Interstellar – Building A Black Hole – Official Warner Bros. [MfGfZwQ_qaY]_trailer.mp3 (MP3)
2026-04-13 00:37:30,256 - INFO - Loaded audio: Interstellar - Christopher Nolan - Official Warner Bros. [WqNirxasldY]_triler.mp3 (MP3)
2026-04-13 00:37:30,409 - INFO - Loaded audio: Inception _ The Dream Sequence _ HBO Max [mpj9dL7swwk]_trailer.mp3 (MP3)
2026-04-13 00:37:30,574 - INFO - Loaded audio: Interstellar – Building A Black Hole – Official Warner Bros. [MfGfZwQ_qaY]_trailer.mp3 (MP3)
2026-04-13 00:37:30,575 - INFO - Trimmed audio: 5000ms -> 15000ms (was 219684ms, now 10000ms)
2026-04-13 00:37:30,575 - INFO - Concatenated 2 clips, total: 20000ms
2026-04-13 00:37:30,598 - INFO - Volume adjusted by +6.0 dB
2026-04-13 00:37:30,621 - INFO - Applied fade-in 2000ms / fade-out 3000ms
2026-04-13 00:37:30,625 - INFO - Exported audio -> data/processed/audio/Interstellar – Building A Black Hole – Official Warner Bros. [MfGfZwQ_qaY]_trailer_trimmed.wav (1722.7 KB)
2026-04-13 00:37:30,727 - INFO - Exported audio -> data/processed/audio/Interstellar – Building A Black Hole – Official Warner Bros. [MfGfZwQ_qaY]_trailer_trimmed.mp3 (235.8 KB)
2026-04-13 00:37:30,893 - INFO - Loaded audio: Interstellar – Building A Black Hole – Official Warner Bros. [MfGfZwQ_qaY]_trailer.mp3 (MP3)
2026-04-13 00:37:31,193 - INFO - Exported audio -> data/processed/audio/Interstellar – Building A Black Hole – Official Warner Bros. [MfGfZwQ_qaY]_trailer.flac (11310.6 KB)
2026-04-13 00:37:31,361 - INFO - Loaded audio: Interstellar - Christopher Nolan - Official Warner Bros. [WqNirxasldY]_triler.mp3 (MP3)
2026-04-13 00:37:31,362 - INFO - Trimmed audio: 5000ms -> 15000ms (was 205822ms, now 10000ms)
2026-04-13 00:37:31,362 - INFO - Concatenated 2 clips, total: 20000ms
2026-04-13 00:37:31,384 - INFO - Volume adjusted by +6.0 dB
2026-04-13 00:37:31,399 - INFO - Applied fade-in 2000ms / fade-out 3000ms
2026-04-13 00:37:31,400 - INFO - Exported audio -> data/processed/audio/Interstellar - Christopher Nolan - Official Warner Bros. [WqNirxasldY]_triler_trimmed.wav (1722.7 KB)
2026-04-13 00:37:31,499 - INFO - Exported audio -> data/processed/audio/Interstellar - Christopher Nolan - Official Warner Bros. [WqNirxasldY]_triler_trimmed.mp3 (235.8 KB)
2026-04-13 00:37:31,665 - INFO - Loaded audio: Interstellar - Christopher Nolan - Official Warner Bros. [WqNirxasldY]_triler.mp3 (MP3)
2026-04-13 00:37:31,946 - INFO - Exported audio -> data/processed/audio/Interstellar - Christopher Nolan - Official Warner Bros. [WqNirxasldY]_triler.flac (12335.1 KB)
2026-04-13 00:37:32,102 - INFO - Loaded audio: Inception _ The Dream Sequence _ HBO Max [mpj9dL7swwk]_trailer.mp3 (MP3)
2026-04-13 00:37:32,102 - INFO - Trimmed audio: 5000ms -> 15000ms (was 192401ms, now 10000ms)
2026-04-13 00:37:32,102 - INFO - Concatenated 2 clips, total: 20000ms
2026-04-13 00:37:32,123 - INFO - Volume adjusted by +6.0 dB
2026-04-13 00:37:32,137 - INFO - Applied fade-in 2000ms / fade-out 3000ms
2026-04-13 00:37:32,137 - INFO - Exported audio -> data/processed/audio/Inception _ The Dream Sequence _ HBO Max [mpj9dL7swwk]_trailer_trimmed.wav (1722.7 KB)
2026-04-13 00:37:32,228 - INFO - Exported audio -> data/processed/audio/Inception _ The Dream Sequence _ HBO Max [mpj9dL7swwk]_trailer_trimmed.mp3 (235.8 KB)
2026-04-13 00:37:32,383 - INFO - Loaded audio: Inception _ The Dream Sequence _ HBO Max [mpj9dL7swwk]_trailer.mp3 (MP3)
2026-04-13 00:37:32,636 - INFO - Exported audio -> data/processed/audio/Inception _ The Dream Sequence _ HBO Max [mpj9dL7swwk]_trailer.flac (10375.5 KB)
2026-04-13 00:37:33,216 - INFO - Loaded video: Interstellar – Building A Black Hole – Official Warner Bros._trailer.mp4
2026-04-13 00:37:33,341 - INFO - Saved frame at t=5.0s -> data/processed/frames/Interstellar – Building A Black Hole – Official Warner Bros._trailer_thumb.png
2026-04-13 00:37:34,033 - INFO - Extracted 22 keyframes from Interstellar – Building A Black Hole – Official Warner Bros._trailer.mp4 (every 10.0s)
2026-04-13 00:37:34,082 - INFO - Loaded video: Interstellar – Building A Black Hole – Official Warner Bros._trailer.mp4
2026-04-13 00:37:35,459 - INFO - Extracted audio -> data/processed/audio/Interstellar – Building A Black Hole – Official Warner Bros._trailer.mp3 (3433.3 KB)
2026-04-13 00:37:35,514 - INFO - Loaded video: Inception _ The Dream Sequence _ HBO Max_trailer.mp4
2026-04-13 00:37:35,601 - INFO - Saved frame at t=5.0s -> data/processed/frames/Inception _ The Dream Sequence _ HBO Max_trailer_thumb.png
2026-04-13 00:37:36,331 - INFO - Extracted 20 keyframes from Inception _ The Dream Sequence _ HBO Max_trailer.mp4 (every 10.0s)
2026-04-13 00:37:36,386 - INFO - Loaded video: Inception _ The Dream Sequence _ HBO Max_trailer.mp4
2026-04-13 00:37:37,472 - INFO - Extracted audio -> data/processed/audio/Inception _ The Dream Sequence _ HBO Max_trailer.mp3 (3007.2 KB)
2026-04-13 00:37:37,522 - INFO - Loaded video: Interstellar - Christopher Nolan - Official Warner Bros._trailer.mp4
2026-04-13 00:37:37,608 - INFO - Saved frame at t=5.0s -> data/processed/frames/Interstellar - Christopher Nolan - Official Warner Bros._trailer_thumb.png
2026-04-13 00:37:38,304 - INFO - Extracted 21 keyframes from Interstellar - Christopher Nolan - Official Warner Bros._trailer.mp4 (every 10.0s)
2026-04-13 00:37:38,353 - INFO - Loaded video: Interstellar - Christopher Nolan - Official Warner Bros._trailer.mp4
2026-04-13 00:37:39,567 - INFO - Extracted audio -> data/processed/audio/Interstellar - Christopher Nolan - Official Warner Bros._trailer.mp3 (3217.0 KB)
2026-04-13 00:37:39,572 - INFO - === Audio/Video Processing Stage ===
2026-04-13 00:37:39,572 - INFO - Processing audio: Interstellar – Building A Black Hole – Official Warner Bros. [MfGfZwQ_qaY]_trailer.mp3
2026-04-13 00:37:39,745 - INFO - Loaded audio: Interstellar – Building A Black Hole – Official Warner Bros. [MfGfZwQ_qaY]_trailer.mp3 (MP3)
2026-04-13 00:37:39,745 - INFO - Trimmed audio: 0ms -> 30000ms (was 219684ms, now 30000ms)
2026-04-13 00:37:39,750 - INFO - Applied fade-in 1000ms / fade-out 2000ms
2026-04-13 00:37:39,952 - INFO - Exported audio -> data/processed/audio/Interstellar – Building A Black Hole – Official Warner Bros. [MfGfZwQ_qaY]_trailer_clip.mp3 (704.7 KB)
2026-04-13 00:37:39,952 - INFO - Loading Whisper model: base on cpu
2026-04-13 00:37:40,332 - INFO - HTTP Request: GET https://huggingface.co/api/models/Systran/faster-whisper-base/revision/main "HTTP/1.1 200 OK"
2026-04-13 00:37:40,532 - INFO - Whisper model loaded.
2026-04-13 00:37:40,533 - INFO - Transcribing: Interstellar – Building A Black Hole – Official Warner Bros. [MfGfZwQ_qaY]_trailer.mp3
2026-04-13 00:37:40,727 - INFO - Processing audio with duration 03:39.684
2026-04-13 00:37:40,990 - INFO - Detected language 'en' with probability 0.94
2026-04-13 00:37:50,676 - INFO - Transcription complete: 34 segments, language=en (94%)
2026-04-13 00:37:50,679 - INFO - Saved transcript JSON -> data/processed/transcripts/Interstellar – Building A Black Hole – Official Warner Bros. [MfGfZwQ_qaY]_trailer.json
2026-04-13 00:37:50,679 - INFO - Saved transcript TXT -> data/processed/transcripts/Interstellar – Building A Black Hole – Official Warner Bros. [MfGfZwQ_qaY]_trailer.txt
2026-04-13 00:37:50,679 - INFO - Saved SRT -> data/processed/transcripts/Interstellar – Building A Black Hole – Official Warner Bros. [MfGfZwQ_qaY]_trailer.srt
2026-04-13 00:37:50,736 - INFO - Saved transcript to MongoDB: Interstellar – Building A Black Hole – Official Warner Bros. [MfGfZwQ_qaY]_trailer.mp3 (id=69dc1ebed5ea00413f58ba47)
2026-04-13 00:37:50,736 - INFO - Processing audio: Interstellar - Christopher Nolan - Official Warner Bros. [WqNirxasldY]_triler.mp3
2026-04-13 00:37:50,911 - INFO - Loaded audio: Interstellar - Christopher Nolan - Official Warner Bros. [WqNirxasldY]_triler.mp3 (MP3)
2026-04-13 00:37:50,912 - INFO - Trimmed audio: 0ms -> 30000ms (was 205822ms, now 30000ms)
2026-04-13 00:37:50,917 - INFO - Applied fade-in 1000ms / fade-out 2000ms
2026-04-13 00:37:51,121 - INFO - Exported audio -> data/processed/audio/Interstellar - Christopher Nolan - Official Warner Bros. [WqNirxasldY]_triler_clip.mp3 (704.7 KB)
2026-04-13 00:37:51,121 - INFO - Transcribing: Interstellar - Christopher Nolan - Official Warner Bros. [WqNirxasldY]_triler.mp3
2026-04-13 00:37:51,304 - INFO - Processing audio with duration 03:25.822
2026-04-13 00:37:51,566 - INFO - Detected language 'en' with probability 0.92
2026-04-13 00:38:01,679 - INFO - Transcription complete: 59 segments, language=en (92%)
2026-04-13 00:38:01,682 - INFO - Saved transcript JSON -> data/processed/transcripts/Interstellar - Christopher Nolan - Official Warner Bros. [WqNirxasldY]_triler.json
2026-04-13 00:38:01,682 - INFO - Saved transcript TXT -> data/processed/transcripts/Interstellar - Christopher Nolan - Official Warner Bros. [WqNirxasldY]_triler.txt
2026-04-13 00:38:01,682 - INFO - Saved SRT -> data/processed/transcripts/Interstellar - Christopher Nolan - Official Warner Bros. [WqNirxasldY]_triler.srt
2026-04-13 00:38:01,683 - INFO - Saved transcript to MongoDB: Interstellar - Christopher Nolan - Official Warner Bros. [WqNirxasldY]_triler.mp3 (id=69dc1ec9d5ea00413f58ba48)
2026-04-13 00:38:01,683 - INFO - Processing audio: Inception _ The Dream Sequence _ HBO Max [mpj9dL7swwk]_trailer.mp3
2026-04-13 00:38:01,850 - INFO - Loaded audio: Inception _ The Dream Sequence _ HBO Max [mpj9dL7swwk]_trailer.mp3 (MP3)
2026-04-13 00:38:01,851 - INFO - Trimmed audio: 0ms -> 30000ms (was 192401ms, now 30000ms)
2026-04-13 00:38:01,856 - INFO - Applied fade-in 1000ms / fade-out 2000ms
2026-04-13 00:38:02,090 - INFO - Exported audio -> data/processed/audio/Inception _ The Dream Sequence _ HBO Max [mpj9dL7swwk]_trailer_clip.mp3 (704.7 KB)
2026-04-13 00:38:02,090 - INFO - Transcribing: Inception _ The Dream Sequence _ HBO Max [mpj9dL7swwk]_trailer.mp3
2026-04-13 00:38:02,265 - INFO - Processing audio with duration 03:12.401
2026-04-13 00:38:02,523 - INFO - Detected language 'en' with probability 0.98
2026-04-13 00:38:17,546 - INFO - Transcription complete: 53 segments, language=en (98%)
2026-04-13 00:38:17,549 - INFO - Saved transcript JSON -> data/processed/transcripts/Inception _ The Dream Sequence _ HBO Max [mpj9dL7swwk]_trailer.json
2026-04-13 00:38:17,549 - INFO - Saved transcript TXT -> data/processed/transcripts/Inception _ The Dream Sequence _ HBO Max [mpj9dL7swwk]_trailer.txt
2026-04-13 00:38:17,549 - INFO - Saved SRT -> data/processed/transcripts/Inception _ The Dream Sequence _ HBO Max [mpj9dL7swwk]_trailer.srt
2026-04-13 00:38:17,550 - INFO - Saved transcript to MongoDB: Inception _ The Dream Sequence _ HBO Max [mpj9dL7swwk]_trailer.mp3 (id=69dc1ed9d5ea00413f58ba49)
2026-04-13 00:38:17,550 - INFO - Processing video: Interstellar – Building A Black Hole – Official Warner Bros._trailer.mp4
2026-04-13 00:38:19,152 - INFO - Extracted 44 keyframes from Interstellar – Building A Black Hole – Official Warner Bros._trailer.mp4 (every 5.0s)
2026-04-13 00:38:19,207 - INFO - Loaded video: Interstellar – Building A Black Hole – Official Warner Bros._trailer.mp4
2026-04-13 00:38:20,599 - INFO - Extracted audio -> data/processed/audio/Interstellar – Building A Black Hole – Official Warner Bros._trailer.mp3 (3433.3 KB)
2026-04-13 00:38:20,605 - INFO - Transcribing: Interstellar – Building A Black Hole – Official Warner Bros._trailer.mp3
2026-04-13 00:38:20,796 - INFO - Processing audio with duration 03:39.680
2026-04-13 00:38:21,052 - INFO - Detected language 'en' with probability 0.94
2026-04-13 00:38:30,388 - INFO - Transcription complete: 38 segments, language=en (94%)
2026-04-13 00:38:30,391 - INFO - Saved transcript JSON -> data/processed/transcripts/Interstellar – Building A Black Hole – Official Warner Bros._trailer.json
2026-04-13 00:38:30,391 - INFO - Saved transcript TXT -> data/processed/transcripts/Interstellar – Building A Black Hole – Official Warner Bros._trailer.txt
2026-04-13 00:38:30,392 - INFO - Saved SRT -> data/processed/transcripts/Interstellar – Building A Black Hole – Official Warner Bros._trailer.srt
2026-04-13 00:38:30,393 - INFO - Saved transcript to MongoDB: Interstellar – Building A Black Hole – Official Warner Bros._trailer.mp3 (id=69dc1ee6d5ea00413f58ba4a)
2026-04-13 00:38:30,393 - INFO - Processing video: Inception _ The Dream Sequence _ HBO Max_trailer.mp4
2026-04-13 00:38:31,931 - INFO - Extracted 39 keyframes from Inception _ The Dream Sequence _ HBO Max_trailer.mp4 (every 5.0s)
2026-04-13 00:38:31,999 - INFO - Loaded video: Inception _ The Dream Sequence _ HBO Max_trailer.mp4
2026-04-13 00:38:33,116 - INFO - Extracted audio -> data/processed/audio/Inception _ The Dream Sequence _ HBO Max_trailer.mp3 (3007.2 KB)
2026-04-13 00:38:33,122 - INFO - Transcribing: Inception _ The Dream Sequence _ HBO Max_trailer.mp3
2026-04-13 00:38:33,290 - INFO - Processing audio with duration 03:12.400
2026-04-13 00:38:33,534 - INFO - Detected language 'en' with probability 0.98
2026-04-13 00:38:40,771 - INFO - Transcription complete: 42 segments, language=en (98%)
2026-04-13 00:38:40,773 - INFO - Saved transcript JSON -> data/processed/transcripts/Inception _ The Dream Sequence _ HBO Max_trailer.json
2026-04-13 00:38:40,773 - INFO - Saved transcript TXT -> data/processed/transcripts/Inception _ The Dream Sequence _ HBO Max_trailer.txt
2026-04-13 00:38:40,773 - INFO - Saved SRT -> data/processed/transcripts/Inception _ The Dream Sequence _ HBO Max_trailer.srt
2026-04-13 00:38:40,774 - INFO - Saved transcript to MongoDB: Inception _ The Dream Sequence _ HBO Max_trailer.mp3 (id=69dc1ef0d5ea00413f58ba4b)
2026-04-13 00:38:40,774 - INFO - Processing video: Interstellar - Christopher Nolan - Official Warner Bros._trailer.mp4
2026-04-13 00:38:42,280 - INFO - Extracted 42 keyframes from Interstellar - Christopher Nolan - Official Warner Bros._trailer.mp4 (every 5.0s)
2026-04-13 00:38:42,333 - INFO - Loaded video: Interstellar - Christopher Nolan - Official Warner Bros._trailer.mp4
2026-04-13 00:38:43,596 - INFO - Extracted audio -> data/processed/audio/Interstellar - Christopher Nolan - Official Warner Bros._trailer.mp3 (3217.0 KB)
2026-04-13 00:38:43,601 - INFO - Transcribing: Interstellar - Christopher Nolan - Official Warner Bros._trailer.mp3
2026-04-13 00:38:43,783 - INFO - Processing audio with duration 03:25.820
2026-04-13 00:38:44,036 - INFO - Detected language 'en' with probability 0.92
2026-04-13 00:38:54,112 - INFO - Transcription complete: 49 segments, language=en (92%)
2026-04-13 00:38:54,114 - INFO - Saved transcript JSON -> data/processed/transcripts/Interstellar - Christopher Nolan - Official Warner Bros._trailer.json
2026-04-13 00:38:54,114 - INFO - Saved transcript TXT -> data/processed/transcripts/Interstellar - Christopher Nolan - Official Warner Bros._trailer.txt
2026-04-13 00:38:54,114 - INFO - Saved SRT -> data/processed/transcripts/Interstellar - Christopher Nolan - Official Warner Bros._trailer.srt
2026-04-13 00:38:54,116 - INFO - Saved transcript to MongoDB: Interstellar - Christopher Nolan - Official Warner Bros._trailer.mp3 (id=69dc1efed5ea00413f58ba4c)
2026-04-13 00:38:54,116 - INFO - === Audio/Video Processing Stage Complete ===
2026-04-13 00:38:54,116 - INFO - Pipeline finished successfully
2026-04-21 00:15:28,516 - INFO - Fetching page 1
2026-04-21 00:15:28,516 - ERROR - API request failed
2026-04-21 00:15:37,680 - INFO - Loaded audio: Interstellar – Building A Black Hole – Official Warner Bros. [MfGfZwQ_qaY]_trailer.mp3 (MP3)
2026-04-21 00:15:37,848 - INFO - Loaded audio: Interstellar - Christopher Nolan - Official Warner Bros. [WqNirxasldY]_triler.mp3 (MP3)
2026-04-21 00:15:38,001 - INFO - Loaded audio: Inception _ The Dream Sequence _ HBO Max [mpj9dL7swwk]_trailer.mp3 (MP3)
2026-04-21 00:15:38,171 - INFO - Loaded audio: Interstellar – Building A Black Hole – Official Warner Bros. [MfGfZwQ_qaY]_trailer.mp3 (MP3)
2026-04-21 00:15:38,171 - INFO - Trimmed audio: 5000ms -> 15000ms (was 219684ms, now 10000ms)
2026-04-21 00:15:38,171 - INFO - Concatenated 2 clips, total: 20000ms
2026-04-21 00:15:38,195 - INFO - Volume adjusted by +6.0 dB
2026-04-21 00:15:38,217 - INFO - Applied fade-in 2000ms / fade-out 3000ms
2026-04-21 00:15:38,219 - INFO - Exported audio -> data/processed/audio/Interstellar – Building A Black Hole – Official Warner Bros. [MfGfZwQ_qaY]_trailer_trimmed.wav (1722.7 KB)
2026-04-21 00:15:38,319 - INFO - Exported audio -> data/processed/audio/Interstellar – Building A Black Hole – Official Warner Bros. [MfGfZwQ_qaY]_trailer_trimmed.mp3 (235.8 KB)
2026-04-21 00:15:38,490 - INFO - Loaded audio: Interstellar – Building A Black Hole – Official Warner Bros. [MfGfZwQ_qaY]_trailer.mp3 (MP3)
2026-04-21 00:15:38,790 - INFO - Exported audio -> data/processed/audio/Interstellar – Building A Black Hole – Official Warner Bros. [MfGfZwQ_qaY]_trailer.flac (11310.6 KB)
2026-04-21 00:15:38,955 - INFO - Loaded audio: Interstellar - Christopher Nolan - Official Warner Bros. [WqNirxasldY]_triler.mp3 (MP3)
2026-04-21 00:15:38,955 - INFO - Trimmed audio: 5000ms -> 15000ms (was 205822ms, now 10000ms)
2026-04-21 00:15:38,956 - INFO - Concatenated 2 clips, total: 20000ms
2026-04-21 00:15:38,980 - INFO - Volume adjusted by +6.0 dB
2026-04-21 00:15:38,995 - INFO - Applied fade-in 2000ms / fade-out 3000ms
2026-04-21 00:15:38,997 - INFO - Exported audio -> data/processed/audio/Interstellar - Christopher Nolan - Official Warner Bros. [WqNirxasldY]_triler_trimmed.wav (1722.7 KB)
2026-04-21 00:15:39,093 - INFO - Exported audio -> data/processed/audio/Interstellar - Christopher Nolan - Official Warner Bros. [WqNirxasldY]_triler_trimmed.mp3 (235.8 KB)
2026-04-21 00:15:39,261 - INFO - Loaded audio: Interstellar - Christopher Nolan - Official Warner Bros. [WqNirxasldY]_triler.mp3 (MP3)
2026-04-21 00:15:39,541 - INFO - Exported audio -> data/processed/audio/Interstellar - Christopher Nolan - Official Warner Bros. [WqNirxasldY]_triler.flac (12335.1 KB)
2026-04-21 00:15:39,697 - INFO - Loaded audio: Inception _ The Dream Sequence _ HBO Max [mpj9dL7swwk]_trailer.mp3 (MP3)
2026-04-21 00:15:39,697 - INFO - Trimmed audio: 5000ms -> 15000ms (was 192401ms, now 10000ms)
2026-04-21 00:15:39,697 - INFO - Concatenated 2 clips, total: 20000ms
2026-04-21 00:15:39,722 - INFO - Volume adjusted by +6.0 dB
2026-04-21 00:15:39,735 - INFO - Applied fade-in 2000ms / fade-out 3000ms
2026-04-21 00:15:39,736 - INFO - Exported audio -> data/processed/audio/Inception _ The Dream Sequence _ HBO Max [mpj9dL7swwk]_trailer_trimmed.wav (1722.7 KB)
2026-04-21 00:15:39,826 - INFO - Exported audio -> data/processed/audio/Inception _ The Dream Sequence _ HBO Max [mpj9dL7swwk]_trailer_trimmed.mp3 (235.8 KB)
2026-04-21 00:15:39,979 - INFO - Loaded audio: Inception _ The Dream Sequence _ HBO Max [mpj9dL7swwk]_trailer.mp3 (MP3)
2026-04-21 00:15:40,236 - INFO - Exported audio -> data/processed/audio/Inception _ The Dream Sequence _ HBO Max [mpj9dL7swwk]_trailer.flac (10375.5 KB)
2026-04-21 00:15:41,541 - INFO - Loaded video: Interstellar – Building A Black Hole – Official Warner Bros._trailer.mp4
2026-04-21 00:15:41,681 - INFO - Saved frame at t=5.0s -> data/processed/frames/Interstellar – Building A Black Hole – Official Warner Bros._trailer_thumb.png
2026-04-21 00:15:42,399 - INFO - Extracted 22 keyframes from Interstellar – Building A Black Hole – Official Warner Bros._trailer.mp4 (every 10.0s)
2026-04-21 00:15:42,449 - INFO - Loaded video: Interstellar – Building A Black Hole – Official Warner Bros._trailer.mp4
2026-04-21 00:15:43,791 - INFO - Extracted audio -> data/processed/audio/Interstellar – Building A Black Hole – Official Warner Bros._trailer.mp3 (3433.3 KB)
2026-04-21 00:15:43,846 - INFO - Loaded video: Inception _ The Dream Sequence _ HBO Max_trailer.mp4
2026-04-21 00:15:43,934 - INFO - Saved frame at t=5.0s -> data/processed/frames/Inception _ The Dream Sequence _ HBO Max_trailer_thumb.png
2026-04-21 00:15:44,649 - INFO - Extracted 20 keyframes from Inception _ The Dream Sequence _ HBO Max_trailer.mp4 (every 10.0s)
2026-04-21 00:15:44,720 - INFO - Loaded video: Inception _ The Dream Sequence _ HBO Max_trailer.mp4
2026-04-21 00:15:45,781 - INFO - Extracted audio -> data/processed/audio/Inception _ The Dream Sequence _ HBO Max_trailer.mp3 (3007.2 KB)
2026-04-21 00:15:45,835 - INFO - Loaded video: Interstellar - Christopher Nolan - Official Warner Bros._trailer.mp4
2026-04-21 00:15:45,925 - INFO - Saved frame at t=5.0s -> data/processed/frames/Interstellar - Christopher Nolan - Official Warner Bros._trailer_thumb.png
2026-04-21 00:15:46,650 - INFO - Extracted 21 keyframes from Interstellar - Christopher Nolan - Official Warner Bros._trailer.mp4 (every 10.0s)
2026-04-21 00:15:46,715 - INFO - Loaded video: Interstellar - Christopher Nolan - Official Warner Bros._trailer.mp4
2026-04-21 00:15:47,923 - INFO - Extracted audio -> data/processed/audio/Interstellar - Christopher Nolan - Official Warner Bros._trailer.mp3 (3217.0 KB)
2026-04-21 00:17:40,808 - INFO - Fetching page 1
2026-04-21 00:17:40,808 - ERROR - API request failed
2026-04-21 00:17:41,415 - INFO - Loaded audio: Interstellar – Building A Black Hole – Official Warner Bros. [MfGfZwQ_qaY]_trailer.mp3 (MP3)
2026-04-21 00:17:41,584 - INFO - Loaded audio: Interstellar - Christopher Nolan - Official Warner Bros. [WqNirxasldY]_triler.mp3 (MP3)
2026-04-21 00:17:41,740 - INFO - Loaded audio: Inception _ The Dream Sequence _ HBO Max [mpj9dL7swwk]_trailer.mp3 (MP3)
2026-04-21 00:17:41,911 - INFO - Loaded audio: Interstellar – Building A Black Hole – Official Warner Bros. [MfGfZwQ_qaY]_trailer.mp3 (MP3)
2026-04-21 00:17:41,911 - INFO - Trimmed audio: 5000ms -> 15000ms (was 219684ms, now 10000ms)
2026-04-21 00:17:41,912 - INFO - Concatenated 2 clips, total: 20000ms
2026-04-21 00:17:41,934 - INFO - Volume adjusted by +6.0 dB
2026-04-21 00:17:41,949 - INFO - Applied fade-in 2000ms / fade-out 3000ms
2026-04-21 00:17:41,949 - INFO - Exported audio -> data/processed/audio/Interstellar – Building A Black Hole – Official Warner Bros. [MfGfZwQ_qaY]_trailer_trimmed.wav (1722.7 KB)
2026-04-21 00:17:42,045 - INFO - Exported audio -> data/processed/audio/Interstellar – Building A Black Hole – Official Warner Bros. [MfGfZwQ_qaY]_trailer_trimmed.mp3 (235.8 KB)
2026-04-21 00:17:42,212 - INFO - Loaded audio: Interstellar – Building A Black Hole – Official Warner Bros. [MfGfZwQ_qaY]_trailer.mp3 (MP3)
2026-04-21 00:17:42,500 - INFO - Exported audio -> data/processed/audio/Interstellar – Building A Black Hole – Official Warner Bros. [MfGfZwQ_qaY]_trailer.flac (11310.6 KB)
2026-04-21 00:17:42,668 - INFO - Loaded audio: Interstellar - Christopher Nolan - Official Warner Bros. [WqNirxasldY]_triler.mp3 (MP3)
2026-04-21 00:17:42,668 - INFO - Trimmed audio: 5000ms -> 15000ms (was 205822ms, now 10000ms)
2026-04-21 00:17:42,668 - INFO - Concatenated 2 clips, total: 20000ms
2026-04-21 00:17:42,690 - INFO - Volume adjusted by +6.0 dB
2026-04-21 00:17:42,704 - INFO - Applied fade-in 2000ms / fade-out 3000ms
2026-04-21 00:17:42,705 - INFO - Exported audio -> data/processed/audio/Interstellar - Christopher Nolan - Official Warner Bros. [WqNirxasldY]_triler_trimmed.wav (1722.7 KB)
2026-04-21 00:17:42,801 - INFO - Exported audio -> data/processed/audio/Interstellar - Christopher Nolan - Official Warner Bros. [WqNirxasldY]_triler_trimmed.mp3 (235.8 KB)
2026-04-21 00:17:42,969 - INFO - Loaded audio: Interstellar - Christopher Nolan - Official Warner Bros. [WqNirxasldY]_triler.mp3 (MP3)
2026-04-21 00:17:43,246 - INFO - Exported audio -> data/processed/audio/Interstellar - Christopher Nolan - Official Warner Bros. [WqNirxasldY]_triler.flac (12335.1 KB)
2026-04-21 00:17:43,401 - INFO - Loaded audio: Inception _ The Dream Sequence _ HBO Max [mpj9dL7swwk]_trailer.mp3 (MP3)
2026-04-21 00:17:43,402 - INFO - Trimmed audio: 5000ms -> 15000ms (was 192401ms, now 10000ms)
2026-04-21 00:17:43,402 - INFO - Concatenated 2 clips, total: 20000ms
2026-04-21 00:17:43,423 - INFO - Volume adjusted by +6.0 dB
2026-04-21 00:17:43,436 - INFO - Applied fade-in 2000ms / fade-out 3000ms
2026-04-21 00:17:43,436 - INFO - Exported audio -> data/processed/audio/Inception _ The Dream Sequence _ HBO Max [mpj9dL7swwk]_trailer_trimmed.wav (1722.7 KB)
2026-04-21 00:17:43,527 - INFO - Exported audio -> data/processed/audio/Inception _ The Dream Sequence _ HBO Max [mpj9dL7swwk]_trailer_trimmed.mp3 (235.8 KB)
2026-04-21 00:17:43,686 - INFO - Loaded audio: Inception _ The Dream Sequence _ HBO Max [mpj9dL7swwk]_trailer.mp3 (MP3)
2026-04-21 00:17:43,948 - INFO - Exported audio -> data/processed/audio/Inception _ The Dream Sequence _ HBO Max [mpj9dL7swwk]_trailer.flac (10375.5 KB)
2026-04-21 00:17:44,363 - INFO - Loaded video: Interstellar – Building A Black Hole – Official Warner Bros._trailer.mp4
2026-04-21 00:17:44,475 - INFO - Saved frame at t=5.0s -> data/processed/frames/Interstellar – Building A Black Hole – Official Warner Bros._trailer_thumb.png
2026-04-21 00:17:45,161 - INFO - Extracted 22 keyframes from Interstellar – Building A Black Hole – Official Warner Bros._trailer.mp4 (every 10.0s)
2026-04-21 00:17:45,212 - INFO - Loaded video: Interstellar – Building A Black Hole – Official Warner Bros._trailer.mp4
2026-04-21 00:17:46,542 - INFO - Extracted audio -> data/processed/audio/Interstellar – Building A Black Hole – Official Warner Bros._trailer.mp3 (3433.3 KB)
2026-04-21 00:17:46,598 - INFO - Loaded video: Inception _ The Dream Sequence _ HBO Max_trailer.mp4
2026-04-21 00:17:46,688 - INFO - Saved frame at t=5.0s -> data/processed/frames/Inception _ The Dream Sequence _ HBO Max_trailer_thumb.png
2026-04-21 00:17:47,404 - INFO - Extracted 20 keyframes from Inception _ The Dream Sequence _ HBO Max_trailer.mp4 (every 10.0s)
2026-04-21 00:17:47,458 - INFO - Loaded video: Inception _ The Dream Sequence _ HBO Max_trailer.mp4
2026-04-21 00:17:48,516 - INFO - Extracted audio -> data/processed/audio/Inception _ The Dream Sequence _ HBO Max_trailer.mp3 (3007.2 KB)
2026-04-21 00:17:48,567 - INFO - Loaded video: Interstellar - Christopher Nolan - Official Warner Bros._trailer.mp4
2026-04-21 00:17:48,655 - INFO - Saved frame at t=5.0s -> data/processed/frames/Interstellar - Christopher Nolan - Official Warner Bros._trailer_thumb.png
2026-04-21 00:17:49,350 - INFO - Extracted 21 keyframes from Interstellar - Christopher Nolan - Official Warner Bros._trailer.mp4 (every 10.0s)
2026-04-21 00:17:49,400 - INFO - Loaded video: Interstellar - Christopher Nolan - Official Warner Bros._trailer.mp4
2026-04-21 00:17:50,613 - INFO - Extracted audio -> data/processed/audio/Interstellar - Christopher Nolan - Official Warner Bros._trailer.mp3 (3217.0 KB)
2026-04-21 00:17:51,722 - INFO - Demonstrating NumPy array creation methods
2026-04-21 00:17:51,723 - INFO - Array creation complete
2026-04-21 00:17:51,723 - INFO - NumPy arrays created: ['popularity', 'revenue_placeholder', 'genre_weights', 'years', 'score_buffer']
2026-04-21 00:17:51,723 - INFO - Running vectorized operations
2026-04-21 00:17:51,723 - INFO - Vectorized operations complete: mean=7.12
2026-04-21 00:17:51,723 - INFO - Vectorized ops: mean=7.12 high_rated=3
2026-04-21 00:17:51,723 - INFO - Connecting to MongoDB: movie_pipeline / movies
2026-04-21 00:17:51,729 - INFO - Loaded 0 rows from MongoDB
2026-04-21 00:17:51,731 - INFO - Saved 0 rows → data/processed/analytics/tmdb_movies.csv
2026-04-21 00:17:51,731 - INFO - Chunked stats: path=data/processed/analytics/tmdb_movies.csv chunk_size=200
2026-04-21 00:23:40,132 - INFO - Fetching page 1
2026-04-21 00:23:40,132 - ERROR - API request failed
2026-04-21 00:23:40,941 - INFO - Loaded audio: Interstellar – Building A Black Hole – Official Warner Bros. [MfGfZwQ_qaY]_trailer.mp3 (MP3)
2026-04-21 00:23:41,107 - INFO - Loaded audio: Interstellar - Christopher Nolan - Official Warner Bros. [WqNirxasldY]_triler.mp3 (MP3)
2026-04-21 00:23:41,263 - INFO - Loaded audio: Inception _ The Dream Sequence _ HBO Max [mpj9dL7swwk]_trailer.mp3 (MP3)
2026-04-21 00:23:41,433 - INFO - Loaded audio: Interstellar – Building A Black Hole – Official Warner Bros. [MfGfZwQ_qaY]_trailer.mp3 (MP3)
2026-04-21 00:23:41,433 - INFO - Trimmed audio: 5000ms -> 15000ms (was 219684ms, now 10000ms)
2026-04-21 00:23:41,433 - INFO - Concatenated 2 clips, total: 20000ms
2026-04-21 00:23:41,457 - INFO - Volume adjusted by +6.0 dB
2026-04-21 00:23:41,481 - INFO - Applied fade-in 2000ms / fade-out 3000ms
2026-04-21 00:23:41,483 - INFO - Exported audio -> data/processed/audio/Interstellar – Building A Black Hole – Official Warner Bros. [MfGfZwQ_qaY]_trailer_trimmed.wav (1722.7 KB)
2026-04-21 00:23:41,582 - INFO - Exported audio -> data/processed/audio/Interstellar – Building A Black Hole – Official Warner Bros. [MfGfZwQ_qaY]_trailer_trimmed.mp3 (235.8 KB)
2026-04-21 00:23:41,758 - INFO - Loaded audio: Interstellar – Building A Black Hole – Official Warner Bros. [MfGfZwQ_qaY]_trailer.mp3 (MP3)
2026-04-21 00:23:42,059 - INFO - Exported audio -> data/processed/audio/Interstellar – Building A Black Hole – Official Warner Bros. [MfGfZwQ_qaY]_trailer.flac (11310.6 KB)
2026-04-21 00:23:42,229 - INFO - Loaded audio: Interstellar - Christopher Nolan - Official Warner Bros. [WqNirxasldY]_triler.mp3 (MP3)
2026-04-21 00:23:42,229 - INFO - Trimmed audio: 5000ms -> 15000ms (was 205822ms, now 10000ms)
2026-04-21 00:23:42,230 - INFO - Concatenated 2 clips, total: 20000ms
2026-04-21 00:23:42,253 - INFO - Volume adjusted by +6.0 dB
2026-04-21 00:23:42,268 - INFO - Applied fade-in 2000ms / fade-out 3000ms
2026-04-21 00:23:42,269 - INFO - Exported audio -> data/processed/audio/Interstellar - Christopher Nolan - Official Warner Bros. [WqNirxasldY]_triler_trimmed.wav (1722.7 KB)
2026-04-21 00:23:42,367 - INFO - Exported audio -> data/processed/audio/Interstellar - Christopher Nolan - Official Warner Bros. [WqNirxasldY]_triler_trimmed.mp3 (235.8 KB)
2026-04-21 00:23:42,535 - INFO - Loaded audio: Interstellar - Christopher Nolan - Official Warner Bros. [WqNirxasldY]_triler.mp3 (MP3)
2026-04-21 00:23:42,814 - INFO - Exported audio -> data/processed/audio/Interstellar - Christopher Nolan - Official Warner Bros. [WqNirxasldY]_triler.flac (12335.1 KB)
2026-04-21 00:23:42,969 - INFO - Loaded audio: Inception _ The Dream Sequence _ HBO Max [mpj9dL7swwk]_trailer.mp3 (MP3)
2026-04-21 00:23:42,970 - INFO - Trimmed audio: 5000ms -> 15000ms (was 192401ms, now 10000ms)
2026-04-21 00:23:42,970 - INFO - Concatenated 2 clips, total: 20000ms
2026-04-21 00:23:42,992 - INFO - Volume adjusted by +6.0 dB
2026-04-21 00:23:43,005 - INFO - Applied fade-in 2000ms / fade-out 3000ms
2026-04-21 00:23:43,006 - INFO - Exported audio -> data/processed/audio/Inception _ The Dream Sequence _ HBO Max [mpj9dL7swwk]_trailer_trimmed.wav (1722.7 KB)
2026-04-21 00:23:43,095 - INFO - Exported audio -> data/processed/audio/Inception _ The Dream Sequence _ HBO Max [mpj9dL7swwk]_trailer_trimmed.mp3 (235.8 KB)
2026-04-21 00:23:43,248 - INFO - Loaded audio: Inception _ The Dream Sequence _ HBO Max [mpj9dL7swwk]_trailer.mp3 (MP3)
2026-04-21 00:23:43,503 - INFO - Exported audio -> data/processed/audio/Inception _ The Dream Sequence _ HBO Max [mpj9dL7swwk]_trailer.flac (10375.5 KB)
2026-04-21 00:23:44,132 - INFO - Loaded video: Interstellar – Building A Black Hole – Official Warner Bros._trailer.mp4
2026-04-21 00:23:44,249 - INFO - Saved frame at t=5.0s -> data/processed/frames/Interstellar – Building A Black Hole – Official Warner Bros._trailer_thumb.png
2026-04-21 00:23:44,934 - INFO - Extracted 22 keyframes from Interstellar – Building A Black Hole – Official Warner Bros._trailer.mp4 (every 10.0s)
2026-04-21 00:23:44,984 - INFO - Loaded video: Interstellar – Building A Black Hole – Official Warner Bros._trailer.mp4
2026-04-21 00:23:46,324 - INFO - Extracted audio -> data/processed/audio/Interstellar – Building A Black Hole – Official Warner Bros._trailer.mp3 (3433.3 KB)
2026-04-21 00:23:46,380 - INFO - Loaded video: Inception _ The Dream Sequence _ HBO Max_trailer.mp4
2026-04-21 00:23:46,471 - INFO - Saved frame at t=5.0s -> data/processed/frames/Inception _ The Dream Sequence _ HBO Max_trailer_thumb.png
2026-04-21 00:23:47,186 - INFO - Extracted 20 keyframes from Inception _ The Dream Sequence _ HBO Max_trailer.mp4 (every 10.0s)
2026-04-21 00:23:47,241 - INFO - Loaded video: Inception _ The Dream Sequence _ HBO Max_trailer.mp4
2026-04-21 00:23:48,282 - INFO - Extracted audio -> data/processed/audio/Inception _ The Dream Sequence _ HBO Max_trailer.mp3 (3007.2 KB)
2026-04-21 00:23:48,333 - INFO - Loaded video: Interstellar - Christopher Nolan - Official Warner Bros._trailer.mp4
2026-04-21 00:23:48,419 - INFO - Saved frame at t=5.0s -> data/processed/frames/Interstellar - Christopher Nolan - Official Warner Bros._trailer_thumb.png
2026-04-21 00:23:49,123 - INFO - Extracted 21 keyframes from Interstellar - Christopher Nolan - Official Warner Bros._trailer.mp4 (every 10.0s)
2026-04-21 00:23:49,172 - INFO - Loaded video: Interstellar - Christopher Nolan - Official Warner Bros._trailer.mp4
2026-04-21 00:23:50,391 - INFO - Extracted audio -> data/processed/audio/Interstellar - Christopher Nolan - Official Warner Bros._trailer.mp3 (3217.0 KB)
2026-04-21 00:23:50,548 - INFO - Demonstrating NumPy array creation methods
2026-04-21 00:23:50,548 - INFO - Array creation complete
2026-04-21 00:23:50,548 - INFO - NumPy arrays created: ['popularity', 'revenue_placeholder', 'genre_weights', 'years', 'score_buffer']
2026-04-21 00:23:50,548 - INFO - Running vectorized operations
2026-04-21 00:23:50,548 - INFO - Vectorized operations complete: mean=7.12
2026-04-21 00:23:50,548 - INFO - Vectorized ops: mean=7.12 high_rated=3
2026-04-21 00:23:50,548 - INFO - Connecting to MongoDB: movie_pipeline / movies
2026-04-21 00:23:50,552 - INFO - Loaded 0 rows from MongoDB
2026-04-21 00:23:50,552 - WARNING - MongoDB returned empty dataset — skipping Lab 8 analytics
2026-04-21 00:23:50,552 - INFO - Pipeline finished successfully
2026-04-21 00:31:51,072 - INFO - Fetching page 1
2026-04-21 00:31:51,072 - ERROR - API request failed
2026-04-21 00:31:51,898 - INFO - Loaded audio: Interstellar – Building A Black Hole – Official Warner Bros. [MfGfZwQ_qaY]_trailer.mp3 (MP3)
2026-04-21 00:31:52,061 - INFO - Loaded audio: Interstellar - Christopher Nolan - Official Warner Bros. [WqNirxasldY]_triler.mp3 (MP3)
2026-04-21 00:31:52,214 - INFO - Loaded audio: Inception _ The Dream Sequence _ HBO Max [mpj9dL7swwk]_trailer.mp3 (MP3)
2026-04-21 00:31:52,384 - INFO - Loaded audio: Interstellar – Building A Black Hole – Official Warner Bros. [MfGfZwQ_qaY]_trailer.mp3 (MP3)
2026-04-21 00:31:52,385 - INFO - Trimmed audio: 5000ms -> 15000ms (was 219684ms, now 10000ms)
2026-04-21 00:31:52,385 - INFO - Concatenated 2 clips, total: 20000ms
2026-04-21 00:31:52,410 - INFO - Volume adjusted by +6.0 dB
2026-04-21 00:31:52,432 - INFO - Applied fade-in 2000ms / fade-out 3000ms
2026-04-21 00:31:52,435 - INFO - Exported audio -> data/processed/audio/Interstellar – Building A Black Hole – Official Warner Bros. [MfGfZwQ_qaY]_trailer_trimmed.wav (1722.7 KB)
2026-04-21 00:31:52,534 - INFO - Exported audio -> data/processed/audio/Interstellar – Building A Black Hole – Official Warner Bros. [MfGfZwQ_qaY]_trailer_trimmed.mp3 (235.8 KB)
2026-04-21 00:31:52,704 - INFO - Loaded audio: Interstellar – Building A Black Hole – Official Warner Bros. [MfGfZwQ_qaY]_trailer.mp3 (MP3)
2026-04-21 00:31:52,995 - INFO - Exported audio -> data/processed/audio/Interstellar – Building A Black Hole – Official Warner Bros. [MfGfZwQ_qaY]_trailer.flac (11310.6 KB)
2026-04-21 00:31:53,163 - INFO - Loaded audio: Interstellar - Christopher Nolan - Official Warner Bros. [WqNirxasldY]_triler.mp3 (MP3)
2026-04-21 00:31:53,163 - INFO - Trimmed audio: 5000ms -> 15000ms (was 205822ms, now 10000ms)
2026-04-21 00:31:53,164 - INFO - Concatenated 2 clips, total: 20000ms
2026-04-21 00:31:53,183 - INFO - Volume adjusted by +6.0 dB
2026-04-21 00:31:53,198 - INFO - Applied fade-in 2000ms / fade-out 3000ms
2026-04-21 00:31:53,198 - INFO - Exported audio -> data/processed/audio/Interstellar - Christopher Nolan - Official Warner Bros. [WqNirxasldY]_triler_trimmed.wav (1722.7 KB)
2026-04-21 00:31:53,296 - INFO - Exported audio -> data/processed/audio/Interstellar - Christopher Nolan - Official Warner Bros. [WqNirxasldY]_triler_trimmed.mp3 (235.8 KB)
2026-04-21 00:31:53,464 - INFO - Loaded audio: Interstellar - Christopher Nolan - Official Warner Bros. [WqNirxasldY]_triler.mp3 (MP3)
2026-04-21 00:31:53,743 - INFO - Exported audio -> data/processed/audio/Interstellar - Christopher Nolan - Official Warner Bros. [WqNirxasldY]_triler.flac (12335.1 KB)
2026-04-21 00:31:53,898 - INFO - Loaded audio: Inception _ The Dream Sequence _ HBO Max [mpj9dL7swwk]_trailer.mp3 (MP3)
2026-04-21 00:31:53,899 - INFO - Trimmed audio: 5000ms -> 15000ms (was 192401ms, now 10000ms)
2026-04-21 00:31:53,899 - INFO - Concatenated 2 clips, total: 20000ms
2026-04-21 00:31:53,920 - INFO - Volume adjusted by +6.0 dB
2026-04-21 00:31:53,932 - INFO - Applied fade-in 2000ms / fade-out 3000ms
2026-04-21 00:31:53,934 - INFO - Exported audio -> data/processed/audio/Inception _ The Dream Sequence _ HBO Max [mpj9dL7swwk]_trailer_trimmed.wav (1722.7 KB)
2026-04-21 00:31:54,024 - INFO - Exported audio -> data/processed/audio/Inception _ The Dream Sequence _ HBO Max [mpj9dL7swwk]_trailer_trimmed.mp3 (235.8 KB)
2026-04-21 00:31:54,179 - INFO - Loaded audio: Inception _ The Dream Sequence _ HBO Max [mpj9dL7swwk]_trailer.mp3 (MP3)
2026-04-21 00:31:54,434 - INFO - Exported audio -> data/processed/audio/Inception _ The Dream Sequence _ HBO Max [mpj9dL7swwk]_trailer.flac (10375.5 KB)
2026-04-21 00:31:55,061 - INFO - Loaded video: Interstellar – Building A Black Hole – Official Warner Bros._trailer.mp4
2026-04-21 00:31:55,182 - INFO - Saved frame at t=5.0s -> data/processed/frames/Interstellar – Building A Black Hole – Official Warner Bros._trailer_thumb.png
2026-04-21 00:31:55,878 - INFO - Extracted 22 keyframes from Interstellar – Building A Black Hole – Official Warner Bros._trailer.mp4 (every 10.0s)
2026-04-21 00:31:55,928 - INFO - Loaded video: Interstellar – Building A Black Hole – Official Warner Bros._trailer.mp4
2026-04-21 00:31:57,270 - INFO - Extracted audio -> data/processed/audio/Interstellar – Building A Black Hole – Official Warner Bros._trailer.mp3 (3433.3 KB)
2026-04-21 00:31:57,325 - INFO - Loaded video: Inception _ The Dream Sequence _ HBO Max_trailer.mp4
2026-04-21 00:31:57,415 - INFO - Saved frame at t=5.0s -> data/processed/frames/Inception _ The Dream Sequence _ HBO Max_trailer_thumb.png
2026-04-21 00:31:58,158 - INFO - Extracted 20 keyframes from Inception _ The Dream Sequence _ HBO Max_trailer.mp4 (every 10.0s)
2026-04-21 00:31:58,212 - INFO - Loaded video: Inception _ The Dream Sequence _ HBO Max_trailer.mp4
2026-04-21 00:31:59,263 - INFO - Extracted audio -> data/processed/audio/Inception _ The Dream Sequence _ HBO Max_trailer.mp3 (3007.2 KB)
2026-04-21 00:31:59,314 - INFO - Loaded video: Interstellar - Christopher Nolan - Official Warner Bros._trailer.mp4
2026-04-21 00:31:59,400 - INFO - Saved frame at t=5.0s -> data/processed/frames/Interstellar - Christopher Nolan - Official Warner Bros._trailer_thumb.png
2026-04-21 00:32:00,102 - INFO - Extracted 21 keyframes from Interstellar - Christopher Nolan - Official Warner Bros._trailer.mp4 (every 10.0s)
2026-04-21 00:32:00,152 - INFO - Loaded video: Interstellar - Christopher Nolan - Official Warner Bros._trailer.mp4
2026-04-21 00:32:01,359 - INFO - Extracted audio -> data/processed/audio/Interstellar - Christopher Nolan - Official Warner Bros._trailer.mp3 (3217.0 KB)
2026-04-21 00:32:01,518 - INFO - Demonstrating NumPy array creation methods
2026-04-21 00:32:01,518 - INFO - Array creation complete
2026-04-21 00:32:01,518 - INFO - NumPy arrays created: ['popularity', 'revenue_placeholder', 'genre_weights', 'years', 'score_buffer']
2026-04-21 00:32:01,518 - INFO - Running vectorized operations
2026-04-21 00:32:01,518 - INFO - Vectorized operations complete: mean=7.12
2026-04-21 00:32:01,518 - INFO - Vectorized ops: mean=7.12 high_rated=3
2026-04-21 00:32:01,518 - INFO - Connecting to MongoDB: movie_pipeline / raw_movies
2026-04-21 00:32:01,528 - INFO - Loaded 661 rows from MongoDB
2026-04-21 00:32:01,533 - INFO - Saved 661 rows → data/processed/analytics/tmdb_movies.csv
2026-04-21 00:32:01,533 - INFO - Chunked stats: path=data/processed/analytics/tmdb_movies.csv chunk_size=200
2026-04-21 00:37:55,533 - INFO - Fetching page 1
2026-04-21 00:37:55,533 - ERROR - API request failed
2026-04-21 00:37:56,326 - INFO - Loaded audio: Interstellar – Building A Black Hole – Official Warner Bros. [MfGfZwQ_qaY]_trailer.mp3 (MP3)
2026-04-21 00:37:56,497 - INFO - Loaded audio: Interstellar - Christopher Nolan - Official Warner Bros. [WqNirxasldY]_triler.mp3 (MP3)
2026-04-21 00:37:56,653 - INFO - Loaded audio: Inception _ The Dream Sequence _ HBO Max [mpj9dL7swwk]_trailer.mp3 (MP3)
2026-04-21 00:37:56,823 - INFO - Loaded audio: Interstellar – Building A Black Hole – Official Warner Bros. [MfGfZwQ_qaY]_trailer.mp3 (MP3)
2026-04-21 00:37:56,824 - INFO - Trimmed audio: 5000ms -> 15000ms (was 219684ms, now 10000ms)
2026-04-21 00:37:56,824 - INFO - Concatenated 2 clips, total: 20000ms
2026-04-21 00:37:56,848 - INFO - Volume adjusted by +6.0 dB
2026-04-21 00:37:56,872 - INFO - Applied fade-in 2000ms / fade-out 3000ms
2026-04-21 00:37:56,874 - INFO - Exported audio -> data/processed/audio/Interstellar – Building A Black Hole – Official Warner Bros. [MfGfZwQ_qaY]_trailer_trimmed.wav (1722.7 KB)
2026-04-21 00:37:56,975 - INFO - Exported audio -> data/processed/audio/Interstellar – Building A Black Hole – Official Warner Bros. [MfGfZwQ_qaY]_trailer_trimmed.mp3 (235.8 KB)
2026-04-21 00:37:57,144 - INFO - Loaded audio: Interstellar – Building A Black Hole – Official Warner Bros. [MfGfZwQ_qaY]_trailer.mp3 (MP3)
2026-04-21 00:37:57,440 - INFO - Exported audio -> data/processed/audio/Interstellar – Building A Black Hole – Official Warner Bros. [MfGfZwQ_qaY]_trailer.flac (11310.6 KB)
2026-04-21 00:37:57,610 - INFO - Loaded audio: Interstellar - Christopher Nolan - Official Warner Bros. [WqNirxasldY]_triler.mp3 (MP3)
2026-04-21 00:37:57,610 - INFO - Trimmed audio: 5000ms -> 15000ms (was 205822ms, now 10000ms)
2026-04-21 00:37:57,611 - INFO - Concatenated 2 clips, total: 20000ms
2026-04-21 00:37:57,635 - INFO - Volume adjusted by +6.0 dB
2026-04-21 00:37:57,649 - INFO - Applied fade-in 2000ms / fade-out 3000ms
2026-04-21 00:37:57,651 - INFO - Exported audio -> data/processed/audio/Interstellar - Christopher Nolan - Official Warner Bros. [WqNirxasldY]_triler_trimmed.wav (1722.7 KB)
2026-04-21 00:37:57,748 - INFO - Exported audio -> data/processed/audio/Interstellar - Christopher Nolan - Official Warner Bros. [WqNirxasldY]_triler_trimmed.mp3 (235.8 KB)
2026-04-21 00:37:57,916 - INFO - Loaded audio: Interstellar - Christopher Nolan - Official Warner Bros. [WqNirxasldY]_triler.mp3 (MP3)
2026-04-21 00:37:58,197 - INFO - Exported audio -> data/processed/audio/Interstellar - Christopher Nolan - Official Warner Bros. [WqNirxasldY]_triler.flac (12335.1 KB)
2026-04-21 00:37:58,354 - INFO - Loaded audio: Inception _ The Dream Sequence _ HBO Max [mpj9dL7swwk]_trailer.mp3 (MP3)
2026-04-21 00:37:58,355 - INFO - Trimmed audio: 5000ms -> 15000ms (was 192401ms, now 10000ms)
2026-04-21 00:37:58,355 - INFO - Concatenated 2 clips, total: 20000ms
2026-04-21 00:37:58,377 - INFO - Volume adjusted by +6.0 dB
2026-04-21 00:37:58,390 - INFO - Applied fade-in 2000ms / fade-out 3000ms
2026-04-21 00:37:58,390 - INFO - Exported audio -> data/processed/audio/Inception _ The Dream Sequence _ HBO Max [mpj9dL7swwk]_trailer_trimmed.wav (1722.7 KB)
2026-04-21 00:37:58,481 - INFO - Exported audio -> data/processed/audio/Inception _ The Dream Sequence _ HBO Max [mpj9dL7swwk]_trailer_trimmed.mp3 (235.8 KB)
2026-04-21 00:37:58,635 - INFO - Loaded audio: Inception _ The Dream Sequence _ HBO Max [mpj9dL7swwk]_trailer.mp3 (MP3)
2026-04-21 00:37:58,892 - INFO - Exported audio -> data/processed/audio/Inception _ The Dream Sequence _ HBO Max [mpj9dL7swwk]_trailer.flac (10375.5 KB)
2026-04-21 00:37:59,513 - INFO - Loaded video: Interstellar – Building A Black Hole – Official Warner Bros._trailer.mp4
2026-04-21 00:37:59,635 - INFO - Saved frame at t=5.0s -> data/processed/frames/Interstellar – Building A Black Hole – Official Warner Bros._trailer_thumb.png
2026-04-21 00:38:00,352 - INFO - Extracted 22 keyframes from Interstellar – Building A Black Hole – Official Warner Bros._trailer.mp4 (every 10.0s)
2026-04-21 00:38:00,403 - INFO - Loaded video: Interstellar – Building A Black Hole – Official Warner Bros._trailer.mp4
2026-04-21 00:38:01,749 - INFO - Extracted audio -> data/processed/audio/Interstellar – Building A Black Hole – Official Warner Bros._trailer.mp3 (3433.3 KB)
2026-04-21 00:38:01,806 - INFO - Loaded video: Inception _ The Dream Sequence _ HBO Max_trailer.mp4
2026-04-21 00:38:01,896 - INFO - Saved frame at t=5.0s -> data/processed/frames/Inception _ The Dream Sequence _ HBO Max_trailer_thumb.png
2026-04-21 00:38:02,621 - INFO - Extracted 20 keyframes from Inception _ The Dream Sequence _ HBO Max_trailer.mp4 (every 10.0s)
2026-04-21 00:38:02,676 - INFO - Loaded video: Inception _ The Dream Sequence _ HBO Max_trailer.mp4
2026-04-21 00:38:03,734 - INFO - Extracted audio -> data/processed/audio/Inception _ The Dream Sequence _ HBO Max_trailer.mp3 (3007.2 KB)
2026-04-21 00:38:03,785 - INFO - Loaded video: Interstellar - Christopher Nolan - Official Warner Bros._trailer.mp4
2026-04-21 00:38:03,870 - INFO - Saved frame at t=5.0s -> data/processed/frames/Interstellar - Christopher Nolan - Official Warner Bros._trailer_thumb.png
2026-04-21 00:38:04,574 - INFO - Extracted 21 keyframes from Interstellar - Christopher Nolan - Official Warner Bros._trailer.mp4 (every 10.0s)
2026-04-21 00:38:04,625 - INFO - Loaded video: Interstellar - Christopher Nolan - Official Warner Bros._trailer.mp4
2026-04-21 00:38:05,857 - INFO - Extracted audio -> data/processed/audio/Interstellar - Christopher Nolan - Official Warner Bros._trailer.mp3 (3217.0 KB)
2026-04-21 00:38:06,014 - INFO - Demonstrating NumPy array creation methods
2026-04-21 00:38:06,014 - INFO - Array creation complete
2026-04-21 00:38:06,014 - INFO - NumPy arrays created: ['popularity', 'revenue_placeholder', 'genre_weights', 'years', 'score_buffer']
2026-04-21 00:38:06,014 - INFO - Running vectorized operations
2026-04-21 00:38:06,014 - INFO - Vectorized operations complete: mean=7.12
2026-04-21 00:38:06,014 - INFO - Vectorized ops: mean=7.12 high_rated=3
2026-04-21 00:38:06,014 - INFO - Connecting to MongoDB: movie_pipeline / raw_movies
2026-04-21 00:38:06,023 - INFO - Loaded 661 rows from MongoDB
2026-04-21 00:38:06,027 - INFO - Saved 661 rows → data/processed/analytics/tmdb_movies.csv
2026-04-21 00:38:06,027 - INFO - Chunked stats: path=data/processed/analytics/tmdb_movies.csv chunk_size=200
2026-04-21 00:46:08,930 - INFO - Fetching page 1
2026-04-21 00:46:08,930 - ERROR - API request failed
2026-04-21 00:46:09,751 - INFO - Loaded audio: Interstellar – Building A Black Hole – Official Warner Bros. [MfGfZwQ_qaY]_trailer.mp3 (MP3)
2026-04-21 00:46:09,920 - INFO - Loaded audio: Interstellar - Christopher Nolan - Official Warner Bros. [WqNirxasldY]_triler.mp3 (MP3)
2026-04-21 00:46:10,075 - INFO - Loaded audio: Inception _ The Dream Sequence _ HBO Max [mpj9dL7swwk]_trailer.mp3 (MP3)
2026-04-21 00:46:10,246 - INFO - Loaded audio: Interstellar – Building A Black Hole – Official Warner Bros. [MfGfZwQ_qaY]_trailer.mp3 (MP3)
2026-04-21 00:46:10,246 - INFO - Trimmed audio: 5000ms -> 15000ms (was 219684ms, now 10000ms)
2026-04-21 00:46:10,246 - INFO - Concatenated 2 clips, total: 20000ms
2026-04-21 00:46:10,269 - INFO - Volume adjusted by +6.0 dB
2026-04-21 00:46:10,295 - INFO - Applied fade-in 2000ms / fade-out 3000ms
2026-04-21 00:46:10,296 - INFO - Exported audio -> data/processed/audio/Interstellar – Building A Black Hole – Official Warner Bros. [MfGfZwQ_qaY]_trailer_trimmed.wav (1722.7 KB)
2026-04-21 00:46:10,398 - INFO - Exported audio -> data/processed/audio/Interstellar – Building A Black Hole – Official Warner Bros. [MfGfZwQ_qaY]_trailer_trimmed.mp3 (235.8 KB)
2026-04-21 00:46:10,562 - INFO - Loaded audio: Interstellar – Building A Black Hole – Official Warner Bros. [MfGfZwQ_qaY]_trailer.mp3 (MP3)
2026-04-21 00:46:10,853 - INFO - Exported audio -> data/processed/audio/Interstellar – Building A Black Hole – Official Warner Bros. [MfGfZwQ_qaY]_trailer.flac (11310.6 KB)
2026-04-21 00:46:11,024 - INFO - Loaded audio: Interstellar - Christopher Nolan - Official Warner Bros. [WqNirxasldY]_triler.mp3 (MP3)
2026-04-21 00:46:11,024 - INFO - Trimmed audio: 5000ms -> 15000ms (was 205822ms, now 10000ms)
2026-04-21 00:46:11,024 - INFO - Concatenated 2 clips, total: 20000ms
2026-04-21 00:46:11,045 - INFO - Volume adjusted by +6.0 dB
2026-04-21 00:46:11,060 - INFO - Applied fade-in 2000ms / fade-out 3000ms
2026-04-21 00:46:11,060 - INFO - Exported audio -> data/processed/audio/Interstellar - Christopher Nolan - Official Warner Bros. [WqNirxasldY]_triler_trimmed.wav (1722.7 KB)
2026-04-21 00:46:11,157 - INFO - Exported audio -> data/processed/audio/Interstellar - Christopher Nolan - Official Warner Bros. [WqNirxasldY]_triler_trimmed.mp3 (235.8 KB)
2026-04-21 00:46:11,327 - INFO - Loaded audio: Interstellar - Christopher Nolan - Official Warner Bros. [WqNirxasldY]_triler.mp3 (MP3)
2026-04-21 00:46:11,610 - INFO - Exported audio -> data/processed/audio/Interstellar - Christopher Nolan - Official Warner Bros. [WqNirxasldY]_triler.flac (12335.1 KB)
2026-04-21 00:46:11,767 - INFO - Loaded audio: Inception _ The Dream Sequence _ HBO Max [mpj9dL7swwk]_trailer.mp3 (MP3)
2026-04-21 00:46:11,767 - INFO - Trimmed audio: 5000ms -> 15000ms (was 192401ms, now 10000ms)
2026-04-21 00:46:11,768 - INFO - Concatenated 2 clips, total: 20000ms
2026-04-21 00:46:11,792 - INFO - Volume adjusted by +6.0 dB
2026-04-21 00:46:11,806 - INFO - Applied fade-in 2000ms / fade-out 3000ms
2026-04-21 00:46:11,807 - INFO - Exported audio -> data/processed/audio/Inception _ The Dream Sequence _ HBO Max [mpj9dL7swwk]_trailer_trimmed.wav (1722.7 KB)
2026-04-21 00:46:11,905 - INFO - Exported audio -> data/processed/audio/Inception _ The Dream Sequence _ HBO Max [mpj9dL7swwk]_trailer_trimmed.mp3 (235.8 KB)
2026-04-21 00:46:12,060 - INFO - Loaded audio: Inception _ The Dream Sequence _ HBO Max [mpj9dL7swwk]_trailer.mp3 (MP3)
2026-04-21 00:46:12,317 - INFO - Exported audio -> data/processed/audio/Inception _ The Dream Sequence _ HBO Max [mpj9dL7swwk]_trailer.flac (10375.5 KB)
2026-04-21 00:46:12,950 - INFO - Loaded video: Interstellar – Building A Black Hole – Official Warner Bros._trailer.mp4
2026-04-21 00:46:13,062 - INFO - Saved frame at t=5.0s -> data/processed/frames/Interstellar – Building A Black Hole – Official Warner Bros._trailer_thumb.png
2026-04-21 00:46:13,778 - INFO - Extracted 22 keyframes from Interstellar – Building A Black Hole – Official Warner Bros._trailer.mp4 (every 10.0s)
2026-04-21 00:46:13,831 - INFO - Loaded video: Interstellar – Building A Black Hole – Official Warner Bros._trailer.mp4
2026-04-21 00:46:15,193 - INFO - Extracted audio -> data/processed/audio/Interstellar – Building A Black Hole – Official Warner Bros._trailer.mp3 (3433.3 KB)
2026-04-21 00:46:15,250 - INFO - Loaded video: Inception _ The Dream Sequence _ HBO Max_trailer.mp4
2026-04-21 00:46:15,342 - INFO - Saved frame at t=5.0s -> data/processed/frames/Inception _ The Dream Sequence _ HBO Max_trailer_thumb.png
2026-04-21 00:46:16,071 - INFO - Extracted 20 keyframes from Inception _ The Dream Sequence _ HBO Max_trailer.mp4 (every 10.0s)
2026-04-21 00:46:16,127 - INFO - Loaded video: Inception _ The Dream Sequence _ HBO Max_trailer.mp4
2026-04-21 00:46:17,202 - INFO - Extracted audio -> data/processed/audio/Inception _ The Dream Sequence _ HBO Max_trailer.mp3 (3007.2 KB)
2026-04-21 00:46:17,256 - INFO - Loaded video: Interstellar - Christopher Nolan - Official Warner Bros._trailer.mp4
2026-04-21 00:46:17,351 - INFO - Saved frame at t=5.0s -> data/processed/frames/Interstellar - Christopher Nolan - Official Warner Bros._trailer_thumb.png
2026-04-21 00:46:18,073 - INFO - Extracted 21 keyframes from Interstellar - Christopher Nolan - Official Warner Bros._trailer.mp4 (every 10.0s)
2026-04-21 00:46:18,125 - INFO - Loaded video: Interstellar - Christopher Nolan - Official Warner Bros._trailer.mp4
2026-04-21 00:46:19,328 - INFO - Extracted audio -> data/processed/audio/Interstellar - Christopher Nolan - Official Warner Bros._trailer.mp3 (3217.0 KB)
2026-04-21 00:46:19,969 - INFO - Successfully fetched data from https://api.themoviedb.org/3/movie/popular (Page 1)
2026-04-21 00:46:20,237 - INFO - Successfully fetched data from https://api.themoviedb.org/3/movie/popular (Page 2)
2026-04-21 00:46:20,487 - INFO - Successfully fetched data from https://api.themoviedb.org/3/movie/popular (Page 3)
2026-04-21 00:49:14,468 - INFO - Fetching page 1
2026-04-21 00:49:14,468 - ERROR - API request failed
2026-04-21 00:49:15,274 - INFO - Loaded audio: Interstellar – Building A Black Hole – Official Warner Bros. [MfGfZwQ_qaY]_trailer.mp3 (MP3)
2026-04-21 00:49:15,441 - INFO - Loaded audio: Interstellar - Christopher Nolan - Official Warner Bros. [WqNirxasldY]_triler.mp3 (MP3)
2026-04-21 00:49:15,597 - INFO - Loaded audio: Inception _ The Dream Sequence _ HBO Max [mpj9dL7swwk]_trailer.mp3 (MP3)
2026-04-21 00:49:15,772 - INFO - Loaded audio: Interstellar – Building A Black Hole – Official Warner Bros. [MfGfZwQ_qaY]_trailer.mp3 (MP3)
2026-04-21 00:49:15,772 - INFO - Trimmed audio: 5000ms -> 15000ms (was 219684ms, now 10000ms)
2026-04-21 00:49:15,772 - INFO - Concatenated 2 clips, total: 20000ms
2026-04-21 00:49:15,799 - INFO - Volume adjusted by +6.0 dB
2026-04-21 00:49:15,823 - INFO - Applied fade-in 2000ms / fade-out 3000ms
2026-04-21 00:49:15,825 - INFO - Exported audio -> data/processed/audio/Interstellar – Building A Black Hole – Official Warner Bros. [MfGfZwQ_qaY]_trailer_trimmed.wav (1722.7 KB)
2026-04-21 00:49:15,932 - INFO - Exported audio -> data/processed/audio/Interstellar – Building A Black Hole – Official Warner Bros. [MfGfZwQ_qaY]_trailer_trimmed.mp3 (235.8 KB)
2026-04-21 00:49:16,099 - INFO - Loaded audio: Interstellar – Building A Black Hole – Official Warner Bros. [MfGfZwQ_qaY]_trailer.mp3 (MP3)
2026-04-21 00:49:16,407 - INFO - Exported audio -> data/processed/audio/Interstellar – Building A Black Hole – Official Warner Bros. [MfGfZwQ_qaY]_trailer.flac (11310.6 KB)
2026-04-21 00:49:16,588 - INFO - Loaded audio: Interstellar - Christopher Nolan - Official Warner Bros. [WqNirxasldY]_triler.mp3 (MP3)
2026-04-21 00:49:16,588 - INFO - Trimmed audio: 5000ms -> 15000ms (was 205822ms, now 10000ms)
2026-04-21 00:49:16,588 - INFO - Concatenated 2 clips, total: 20000ms
2026-04-21 00:49:16,609 - INFO - Volume adjusted by +6.0 dB
2026-04-21 00:49:16,623 - INFO - Applied fade-in 2000ms / fade-out 3000ms
2026-04-21 00:49:16,624 - INFO - Exported audio -> data/processed/audio/Interstellar - Christopher Nolan - Official Warner Bros. [WqNirxasldY]_triler_trimmed.wav (1722.7 KB)
2026-04-21 00:49:16,722 - INFO - Exported audio -> data/processed/audio/Interstellar - Christopher Nolan - Official Warner Bros. [WqNirxasldY]_triler_trimmed.mp3 (235.8 KB)
2026-04-21 00:49:16,889 - INFO - Loaded audio: Interstellar - Christopher Nolan - Official Warner Bros. [WqNirxasldY]_triler.mp3 (MP3)
2026-04-21 00:49:17,170 - INFO - Exported audio -> data/processed/audio/Interstellar - Christopher Nolan - Official Warner Bros. [WqNirxasldY]_triler.flac (12335.1 KB)
2026-04-21 00:49:17,326 - INFO - Loaded audio: Inception _ The Dream Sequence _ HBO Max [mpj9dL7swwk]_trailer.mp3 (MP3)
2026-04-21 00:49:17,327 - INFO - Trimmed audio: 5000ms -> 15000ms (was 192401ms, now 10000ms)
2026-04-21 00:49:17,327 - INFO - Concatenated 2 clips, total: 20000ms
2026-04-21 00:49:17,350 - INFO - Volume adjusted by +6.0 dB
2026-04-21 00:49:17,364 - INFO - Applied fade-in 2000ms / fade-out 3000ms
2026-04-21 00:49:17,364 - INFO - Exported audio -> data/processed/audio/Inception _ The Dream Sequence _ HBO Max [mpj9dL7swwk]_trailer_trimmed.wav (1722.7 KB)
2026-04-21 00:49:17,454 - INFO - Exported audio -> data/processed/audio/Inception _ The Dream Sequence _ HBO Max [mpj9dL7swwk]_trailer_trimmed.mp3 (235.8 KB)
2026-04-21 00:49:17,608 - INFO - Loaded audio: Inception _ The Dream Sequence _ HBO Max [mpj9dL7swwk]_trailer.mp3 (MP3)
2026-04-21 00:49:17,861 - INFO - Exported audio -> data/processed/audio/Inception _ The Dream Sequence _ HBO Max [mpj9dL7swwk]_trailer.flac (10375.5 KB)
2026-04-21 00:49:18,479 - INFO - Loaded video: Interstellar – Building A Black Hole – Official Warner Bros._trailer.mp4
2026-04-21 00:49:18,591 - INFO - Saved frame at t=5.0s -> data/processed/frames/Interstellar – Building A Black Hole – Official Warner Bros._trailer_thumb.png
2026-04-21 00:49:19,283 - INFO - Extracted 22 keyframes from Interstellar – Building A Black Hole – Official Warner Bros._trailer.mp4 (every 10.0s)
2026-04-21 00:49:19,332 - INFO - Loaded video: Interstellar – Building A Black Hole – Official Warner Bros._trailer.mp4
2026-04-21 00:49:20,684 - INFO - Extracted audio -> data/processed/audio/Interstellar – Building A Black Hole – Official Warner Bros._trailer.mp3 (3433.3 KB)
2026-04-21 00:49:20,740 - INFO - Loaded video: Inception _ The Dream Sequence _ HBO Max_trailer.mp4
2026-04-21 00:49:20,830 - INFO - Saved frame at t=5.0s -> data/processed/frames/Inception _ The Dream Sequence _ HBO Max_trailer_thumb.png
2026-04-21 00:49:21,550 - INFO - Extracted 20 keyframes from Inception _ The Dream Sequence _ HBO Max_trailer.mp4 (every 10.0s)
2026-04-21 00:49:21,606 - INFO - Loaded video: Inception _ The Dream Sequence _ HBO Max_trailer.mp4
2026-04-21 00:49:22,657 - INFO - Extracted audio -> data/processed/audio/Inception _ The Dream Sequence _ HBO Max_trailer.mp3 (3007.2 KB)
2026-04-21 00:49:22,709 - INFO - Loaded video: Interstellar - Christopher Nolan - Official Warner Bros._trailer.mp4
2026-04-21 00:49:22,794 - INFO - Saved frame at t=5.0s -> data/processed/frames/Interstellar - Christopher Nolan - Official Warner Bros._trailer_thumb.png
2026-04-21 00:49:23,496 - INFO - Extracted 21 keyframes from Interstellar - Christopher Nolan - Official Warner Bros._trailer.mp4 (every 10.0s)
2026-04-21 00:49:23,546 - INFO - Loaded video: Interstellar - Christopher Nolan - Official Warner Bros._trailer.mp4
2026-04-21 00:49:24,772 - INFO - Extracted audio -> data/processed/audio/Interstellar - Christopher Nolan - Official Warner Bros._trailer.mp3 (3217.0 KB)
2026-04-21 00:49:25,116 - INFO - Successfully fetched data from https://api.themoviedb.org/3/movie/popular (Page 1)
2026-04-21 00:49:25,249 - INFO - Successfully fetched data from https://api.themoviedb.org/3/movie/popular (Page 2)
2026-04-21 00:49:25,388 - INFO - Successfully fetched data from https://api.themoviedb.org/3/movie/popular (Page 3)
2026-04-21 00:49:25,411 - INFO - Demonstrating NumPy array creation methods
2026-04-21 00:49:25,411 - INFO - Array creation complete
2026-04-21 00:49:25,411 - INFO - NumPy arrays created: ['popularity', 'revenue_placeholder', 'genre_weights', 'years', 'score_buffer']
2026-04-21 00:49:25,411 - INFO - Running vectorized operations
2026-04-21 00:49:25,412 - INFO - Vectorized operations complete: mean=7.12
2026-04-21 00:49:25,412 - INFO - Vectorized ops: mean=7.12 high_rated=3
2026-04-21 00:49:25,412 - INFO - Connecting to MongoDB: movie_pipeline / raw_movies
2026-04-21 00:49:25,424 - INFO - Loaded 781 rows from MongoDB
2026-04-21 00:49:25,438 - INFO - Saved 781 rows → data/processed/analytics/tmdb_movies.csv
2026-04-21 00:49:25,438 - INFO - Chunked stats: path=data/processed/analytics/tmdb_movies.csv chunk_size=200
2026-04-21 00:54:45,704 - INFO - Fetching page 1
2026-04-21 00:54:45,704 - ERROR - API request failed
2026-04-21 00:54:46,493 - INFO - Loaded audio: Interstellar – Building A Black Hole – Official Warner Bros. [MfGfZwQ_qaY]_trailer.mp3 (MP3)
2026-04-21 00:54:46,661 - INFO - Loaded audio: Interstellar - Christopher Nolan - Official Warner Bros. [WqNirxasldY]_triler.mp3 (MP3)
2026-04-21 00:54:46,815 - INFO - Loaded audio: Inception _ The Dream Sequence _ HBO Max [mpj9dL7swwk]_trailer.mp3 (MP3)
2026-04-21 00:54:46,985 - INFO - Loaded audio: Interstellar – Building A Black Hole – Official Warner Bros. [MfGfZwQ_qaY]_trailer.mp3 (MP3)
2026-04-21 00:54:46,985 - INFO - Trimmed audio: 5000ms -> 15000ms (was 219684ms, now 10000ms)
2026-04-21 00:54:46,985 - INFO - Concatenated 2 clips, total: 20000ms
2026-04-21 00:54:47,007 - INFO - Volume adjusted by +6.0 dB
2026-04-21 00:54:47,035 - INFO - Applied fade-in 2000ms / fade-out 3000ms
2026-04-21 00:54:47,036 - INFO - Exported audio -> data/processed/audio/Interstellar – Building A Black Hole – Official Warner Bros. [MfGfZwQ_qaY]_trailer_trimmed.wav (1722.7 KB)
2026-04-21 00:54:47,140 - INFO - Exported audio -> data/processed/audio/Interstellar – Building A Black Hole – Official Warner Bros. [MfGfZwQ_qaY]_trailer_trimmed.mp3 (235.8 KB)
2026-04-21 00:54:47,311 - INFO - Loaded audio: Interstellar – Building A Black Hole – Official Warner Bros. [MfGfZwQ_qaY]_trailer.mp3 (MP3)
2026-04-21 00:54:47,606 - INFO - Exported audio -> data/processed/audio/Interstellar – Building A Black Hole – Official Warner Bros. [MfGfZwQ_qaY]_trailer.flac (11310.6 KB)
2026-04-21 00:54:47,774 - INFO - Loaded audio: Interstellar - Christopher Nolan - Official Warner Bros. [WqNirxasldY]_triler.mp3 (MP3)
2026-04-21 00:54:47,774 - INFO - Trimmed audio: 5000ms -> 15000ms (was 205822ms, now 10000ms)
2026-04-21 00:54:47,774 - INFO - Concatenated 2 clips, total: 20000ms
2026-04-21 00:54:47,796 - INFO - Volume adjusted by +6.0 dB
2026-04-21 00:54:47,812 - INFO - Applied fade-in 2000ms / fade-out 3000ms
2026-04-21 00:54:47,814 - INFO - Exported audio -> data/processed/audio/Interstellar - Christopher Nolan - Official Warner Bros. [WqNirxasldY]_triler_trimmed.wav (1722.7 KB)
2026-04-21 00:54:47,911 - INFO - Exported audio -> data/processed/audio/Interstellar - Christopher Nolan - Official Warner Bros. [WqNirxasldY]_triler_trimmed.mp3 (235.8 KB)
2026-04-21 00:54:48,079 - INFO - Loaded audio: Interstellar - Christopher Nolan - Official Warner Bros. [WqNirxasldY]_triler.mp3 (MP3)
2026-04-21 00:54:48,359 - INFO - Exported audio -> data/processed/audio/Interstellar - Christopher Nolan - Official Warner Bros. [WqNirxasldY]_triler.flac (12335.1 KB)
2026-04-21 00:54:48,515 - INFO - Loaded audio: Inception _ The Dream Sequence _ HBO Max [mpj9dL7swwk]_trailer.mp3 (MP3)
2026-04-21 00:54:48,515 - INFO - Trimmed audio: 5000ms -> 15000ms (was 192401ms, now 10000ms)
2026-04-21 00:54:48,516 - INFO - Concatenated 2 clips, total: 20000ms
2026-04-21 00:54:48,539 - INFO - Volume adjusted by +6.0 dB
2026-04-21 00:54:48,552 - INFO - Applied fade-in 2000ms / fade-out 3000ms
2026-04-21 00:54:48,554 - INFO - Exported audio -> data/processed/audio/Inception _ The Dream Sequence _ HBO Max [mpj9dL7swwk]_trailer_trimmed.wav (1722.7 KB)
2026-04-21 00:54:48,645 - INFO - Exported audio -> data/processed/audio/Inception _ The Dream Sequence _ HBO Max [mpj9dL7swwk]_trailer_trimmed.mp3 (235.8 KB)
2026-04-21 00:54:48,800 - INFO - Loaded audio: Inception _ The Dream Sequence _ HBO Max [mpj9dL7swwk]_trailer.mp3 (MP3)
2026-04-21 00:54:49,053 - INFO - Exported audio -> data/processed/audio/Inception _ The Dream Sequence _ HBO Max [mpj9dL7swwk]_trailer.flac (10375.5 KB)
2026-04-21 00:54:49,677 - INFO - Loaded video: Interstellar – Building A Black Hole – Official Warner Bros._trailer.mp4
2026-04-21 00:54:49,792 - INFO - Saved frame at t=5.0s -> data/processed/frames/Interstellar – Building A Black Hole – Official Warner Bros._trailer_thumb.png
2026-04-21 00:54:50,489 - INFO - Extracted 22 keyframes from Interstellar – Building A Black Hole – Official Warner Bros._trailer.mp4 (every 10.0s)
2026-04-21 00:54:50,538 - INFO - Loaded video: Interstellar – Building A Black Hole – Official Warner Bros._trailer.mp4
2026-04-21 00:54:51,891 - INFO - Extracted audio -> data/processed/audio/Interstellar – Building A Black Hole – Official Warner Bros._trailer.mp3 (3433.3 KB)
2026-04-21 00:54:51,948 - INFO - Loaded video: Inception _ The Dream Sequence _ HBO Max_trailer.mp4
2026-04-21 00:54:52,036 - INFO - Saved frame at t=5.0s -> data/processed/frames/Inception _ The Dream Sequence _ HBO Max_trailer_thumb.png
2026-04-21 00:54:52,773 - INFO - Extracted 20 keyframes from Inception _ The Dream Sequence _ HBO Max_trailer.mp4 (every 10.0s)
2026-04-21 00:54:52,827 - INFO - Loaded video: Inception _ The Dream Sequence _ HBO Max_trailer.mp4
2026-04-21 00:54:53,898 - INFO - Extracted audio -> data/processed/audio/Inception _ The Dream Sequence _ HBO Max_trailer.mp3 (3007.2 KB)
2026-04-21 00:54:53,948 - INFO - Loaded video: Interstellar - Christopher Nolan - Official Warner Bros._trailer.mp4
2026-04-21 00:54:54,034 - INFO - Saved frame at t=5.0s -> data/processed/frames/Interstellar - Christopher Nolan - Official Warner Bros._trailer_thumb.png
2026-04-21 00:54:54,735 - INFO - Extracted 21 keyframes from Interstellar - Christopher Nolan - Official Warner Bros._trailer.mp4 (every 10.0s)
2026-04-21 00:54:54,784 - INFO - Loaded video: Interstellar - Christopher Nolan - Official Warner Bros._trailer.mp4
2026-04-21 00:54:55,987 - INFO - Extracted audio -> data/processed/audio/Interstellar - Christopher Nolan - Official Warner Bros._trailer.mp3 (3217.0 KB)
2026-04-21 00:54:56,320 - INFO - Successfully fetched data from https://api.themoviedb.org/3/movie/popular (Page 1)
2026-04-21 00:54:56,569 - INFO - Successfully fetched data from https://api.themoviedb.org/3/movie/popular (Page 2)
2026-04-21 00:54:56,690 - INFO - Successfully fetched data from https://api.themoviedb.org/3/movie/popular (Page 3)
2026-04-21 00:54:56,711 - INFO - Demonstrating NumPy array creation methods
2026-04-21 00:54:56,711 - INFO - Array creation complete
2026-04-21 00:54:56,711 - INFO - NumPy arrays created: ['popularity', 'revenue_placeholder', 'genre_weights', 'years', 'score_buffer']
2026-04-21 00:54:56,711 - INFO - Running vectorized operations
2026-04-21 00:54:56,711 - INFO - Vectorized operations complete: mean=7.12
2026-04-21 00:54:56,712 - INFO - Vectorized ops: mean=7.12 high_rated=3
2026-04-21 00:54:56,712 - INFO - Connecting to MongoDB: movie_pipeline / raw_movies
2026-04-21 00:54:56,727 - INFO - Loaded 841 rows from MongoDB
2026-04-21 00:54:56,743 - INFO - Saved 841 rows → data/processed/analytics/tmdb_movies.csv
2026-04-21 00:54:56,743 - INFO - Chunked stats: path=data/processed/analytics/tmdb_movies.csv chunk_size=200
2026-04-21 00:56:51,915 - INFO - Fetching page 1
2026-04-21 00:56:51,916 - ERROR - API request failed
2026-04-21 00:56:52,701 - INFO - Loaded audio: Interstellar – Building A Black Hole – Official Warner Bros. [MfGfZwQ_qaY]_trailer.mp3 (MP3)
2026-04-21 00:56:52,872 - INFO - Loaded audio: Interstellar - Christopher Nolan - Official Warner Bros. [WqNirxasldY]_triler.mp3 (MP3)
2026-04-21 00:56:53,026 - INFO - Loaded audio: Inception _ The Dream Sequence _ HBO Max [mpj9dL7swwk]_trailer.mp3 (MP3)
2026-04-21 00:56:53,196 - INFO - Loaded audio: Interstellar – Building A Black Hole – Official Warner Bros. [MfGfZwQ_qaY]_trailer.mp3 (MP3)
2026-04-21 00:56:53,197 - INFO - Trimmed audio: 5000ms -> 15000ms (was 219684ms, now 10000ms)
2026-04-21 00:56:53,197 - INFO - Concatenated 2 clips, total: 20000ms
2026-04-21 00:56:53,220 - INFO - Volume adjusted by +6.0 dB
2026-04-21 00:56:53,250 - INFO - Applied fade-in 2000ms / fade-out 3000ms
2026-04-21 00:56:53,252 - INFO - Exported audio -> data/processed/audio/Interstellar – Building A Black Hole – Official Warner Bros. [MfGfZwQ_qaY]_trailer_trimmed.wav (1722.7 KB)
2026-04-21 00:56:53,357 - INFO - Exported audio -> data/processed/audio/Interstellar – Building A Black Hole – Official Warner Bros. [MfGfZwQ_qaY]_trailer_trimmed.mp3 (235.8 KB)
2026-04-21 00:56:53,527 - INFO - Loaded audio: Interstellar – Building A Black Hole – Official Warner Bros. [MfGfZwQ_qaY]_trailer.mp3 (MP3)
2026-04-21 00:56:53,819 - INFO - Exported audio -> data/processed/audio/Interstellar – Building A Black Hole – Official Warner Bros. [MfGfZwQ_qaY]_trailer.flac (11310.6 KB)
2026-04-21 00:56:53,986 - INFO - Loaded audio: Interstellar - Christopher Nolan - Official Warner Bros. [WqNirxasldY]_triler.mp3 (MP3)
2026-04-21 00:56:53,987 - INFO - Trimmed audio: 5000ms -> 15000ms (was 205822ms, now 10000ms)
2026-04-21 00:56:53,987 - INFO - Concatenated 2 clips, total: 20000ms
2026-04-21 00:56:54,009 - INFO - Volume adjusted by +6.0 dB
2026-04-21 00:56:54,024 - INFO - Applied fade-in 2000ms / fade-out 3000ms
2026-04-21 00:56:54,025 - INFO - Exported audio -> data/processed/audio/Interstellar - Christopher Nolan - Official Warner Bros. [WqNirxasldY]_triler_trimmed.wav (1722.7 KB)
2026-04-21 00:56:54,123 - INFO - Exported audio -> data/processed/audio/Interstellar - Christopher Nolan - Official Warner Bros. [WqNirxasldY]_triler_trimmed.mp3 (235.8 KB)
2026-04-21 00:56:54,291 - INFO - Loaded audio: Interstellar - Christopher Nolan - Official Warner Bros. [WqNirxasldY]_triler.mp3 (MP3)
2026-04-21 00:56:54,570 - INFO - Exported audio -> data/processed/audio/Interstellar - Christopher Nolan - Official Warner Bros. [WqNirxasldY]_triler.flac (12335.1 KB)
2026-04-21 00:56:54,727 - INFO - Loaded audio: Inception _ The Dream Sequence _ HBO Max [mpj9dL7swwk]_trailer.mp3 (MP3)
2026-04-21 00:56:54,727 - INFO - Trimmed audio: 5000ms -> 15000ms (was 192401ms, now 10000ms)
2026-04-21 00:56:54,727 - INFO - Concatenated 2 clips, total: 20000ms
2026-04-21 00:56:54,752 - INFO - Volume adjusted by +6.0 dB
2026-04-21 00:56:54,765 - INFO - Applied fade-in 2000ms / fade-out 3000ms
2026-04-21 00:56:54,766 - INFO - Exported audio -> data/processed/audio/Inception _ The Dream Sequence _ HBO Max [mpj9dL7swwk]_trailer_trimmed.wav (1722.7 KB)
2026-04-21 00:56:54,871 - INFO - Exported audio -> data/processed/audio/Inception _ The Dream Sequence _ HBO Max [mpj9dL7swwk]_trailer_trimmed.mp3 (235.8 KB)
2026-04-21 00:56:55,037 - INFO - Loaded audio: Inception _ The Dream Sequence _ HBO Max [mpj9dL7swwk]_trailer.mp3 (MP3)
2026-04-21 00:56:55,297 - INFO - Exported audio -> data/processed/audio/Inception _ The Dream Sequence _ HBO Max [mpj9dL7swwk]_trailer.flac (10375.5 KB)
2026-04-21 00:56:55,983 - INFO - Loaded video: Interstellar – Building A Black Hole – Official Warner Bros._trailer.mp4
2026-04-21 00:56:56,096 - INFO - Saved frame at t=5.0s -> data/processed/frames/Interstellar – Building A Black Hole – Official Warner Bros._trailer_thumb.png
2026-04-21 00:56:56,892 - INFO - Extracted 22 keyframes from Interstellar – Building A Black Hole – Official Warner Bros._trailer.mp4 (every 10.0s)
2026-04-21 00:56:56,943 - INFO - Loaded video: Interstellar – Building A Black Hole – Official Warner Bros._trailer.mp4
2026-04-21 00:56:58,308 - INFO - Extracted audio -> data/processed/audio/Interstellar – Building A Black Hole – Official Warner Bros._trailer.mp3 (3433.3 KB)
2026-04-21 00:56:58,371 - INFO - Loaded video: Inception _ The Dream Sequence _ HBO Max_trailer.mp4
2026-04-21 00:56:58,469 - INFO - Saved frame at t=5.0s -> data/processed/frames/Inception _ The Dream Sequence _ HBO Max_trailer_thumb.png
2026-04-21 00:56:59,246 - INFO - Extracted 20 keyframes from Inception _ The Dream Sequence _ HBO Max_trailer.mp4 (every 10.0s)
2026-04-21 00:56:59,302 - INFO - Loaded video: Inception _ The Dream Sequence _ HBO Max_trailer.mp4
2026-04-21 00:57:00,385 - INFO - Extracted audio -> data/processed/audio/Inception _ The Dream Sequence _ HBO Max_trailer.mp3 (3007.2 KB)
2026-04-21 00:57:00,436 - INFO - Loaded video: Interstellar - Christopher Nolan - Official Warner Bros._trailer.mp4
2026-04-21 00:57:00,520 - INFO - Saved frame at t=5.0s -> data/processed/frames/Interstellar - Christopher Nolan - Official Warner Bros._trailer_thumb.png
2026-04-21 00:57:01,238 - INFO - Extracted 21 keyframes from Interstellar - Christopher Nolan - Official Warner Bros._trailer.mp4 (every 10.0s)
2026-04-21 00:57:01,287 - INFO - Loaded video: Interstellar - Christopher Nolan - Official Warner Bros._trailer.mp4
2026-04-21 00:57:02,523 - INFO - Extracted audio -> data/processed/audio/Interstellar - Christopher Nolan - Official Warner Bros._trailer.mp3 (3217.0 KB)
2026-04-21 00:58:33,163 - INFO - Fetching page 1
2026-04-21 00:58:33,163 - ERROR - API request failed
2026-04-21 00:58:33,968 - INFO - Loaded audio: Interstellar – Building A Black Hole – Official Warner Bros. [MfGfZwQ_qaY]_trailer.mp3 (MP3)
2026-04-21 00:58:34,138 - INFO - Loaded audio: Interstellar - Christopher Nolan - Official Warner Bros. [WqNirxasldY]_triler.mp3 (MP3)
2026-04-21 00:58:34,292 - INFO - Loaded audio: Inception _ The Dream Sequence _ HBO Max [mpj9dL7swwk]_trailer.mp3 (MP3)
2026-04-21 00:58:34,462 - INFO - Loaded audio: Interstellar – Building A Black Hole – Official Warner Bros. [MfGfZwQ_qaY]_trailer.mp3 (MP3)
2026-04-21 00:58:34,463 - INFO - Trimmed audio: 5000ms -> 15000ms (was 219684ms, now 10000ms)
2026-04-21 00:58:34,463 - INFO - Concatenated 2 clips, total: 20000ms
2026-04-21 00:58:34,487 - INFO - Volume adjusted by +6.0 dB
2026-04-21 00:58:34,510 - INFO - Applied fade-in 2000ms / fade-out 3000ms
2026-04-21 00:58:34,512 - INFO - Exported audio -> data/processed/audio/Interstellar – Building A Black Hole – Official Warner Bros. [MfGfZwQ_qaY]_trailer_trimmed.wav (1722.7 KB)
2026-04-21 00:58:34,610 - INFO - Exported audio -> data/processed/audio/Interstellar – Building A Black Hole – Official Warner Bros. [MfGfZwQ_qaY]_trailer_trimmed.mp3 (235.8 KB)
2026-04-21 00:58:34,780 - INFO - Loaded audio: Interstellar – Building A Black Hole – Official Warner Bros. [MfGfZwQ_qaY]_trailer.mp3 (MP3)
2026-04-21 00:58:35,071 - INFO - Exported audio -> data/processed/audio/Interstellar – Building A Black Hole – Official Warner Bros. [MfGfZwQ_qaY]_trailer.flac (11310.6 KB)
2026-04-21 00:58:35,239 - INFO - Loaded audio: Interstellar - Christopher Nolan - Official Warner Bros. [WqNirxasldY]_triler.mp3 (MP3)
2026-04-21 00:58:35,240 - INFO - Trimmed audio: 5000ms -> 15000ms (was 205822ms, now 10000ms)
2026-04-21 00:58:35,240 - INFO - Concatenated 2 clips, total: 20000ms
2026-04-21 00:58:35,263 - INFO - Volume adjusted by +6.0 dB
2026-04-21 00:58:35,279 - INFO - Applied fade-in 2000ms / fade-out 3000ms
2026-04-21 00:58:35,279 - INFO - Exported audio -> data/processed/audio/Interstellar - Christopher Nolan - Official Warner Bros. [WqNirxasldY]_triler_trimmed.wav (1722.7 KB)
2026-04-21 00:58:35,377 - INFO - Exported audio -> data/processed/audio/Interstellar - Christopher Nolan - Official Warner Bros. [WqNirxasldY]_triler_trimmed.mp3 (235.8 KB)
2026-04-21 00:58:35,545 - INFO - Loaded audio: Interstellar - Christopher Nolan - Official Warner Bros. [WqNirxasldY]_triler.mp3 (MP3)
2026-04-21 00:58:35,823 - INFO - Exported audio -> data/processed/audio/Interstellar - Christopher Nolan - Official Warner Bros. [WqNirxasldY]_triler.flac (12335.1 KB)
2026-04-21 00:58:35,979 - INFO - Loaded audio: Inception _ The Dream Sequence _ HBO Max [mpj9dL7swwk]_trailer.mp3 (MP3)
2026-04-21 00:58:35,979 - INFO - Trimmed audio: 5000ms -> 15000ms (was 192401ms, now 10000ms)
2026-04-21 00:58:35,979 - INFO - Concatenated 2 clips, total: 20000ms
2026-04-21 00:58:36,001 - INFO - Volume adjusted by +6.0 dB
2026-04-21 00:58:36,014 - INFO - Applied fade-in 2000ms / fade-out 3000ms
2026-04-21 00:58:36,015 - INFO - Exported audio -> data/processed/audio/Inception _ The Dream Sequence _ HBO Max [mpj9dL7swwk]_trailer_trimmed.wav (1722.7 KB)
2026-04-21 00:58:36,105 - INFO - Exported audio -> data/processed/audio/Inception _ The Dream Sequence _ HBO Max [mpj9dL7swwk]_trailer_trimmed.mp3 (235.8 KB)
2026-04-21 00:58:36,260 - INFO - Loaded audio: Inception _ The Dream Sequence _ HBO Max [mpj9dL7swwk]_trailer.mp3 (MP3)
2026-04-21 00:58:36,515 - INFO - Exported audio -> data/processed/audio/Inception _ The Dream Sequence _ HBO Max [mpj9dL7swwk]_trailer.flac (10375.5 KB)
2026-04-21 00:58:37,121 - INFO - Loaded video: Interstellar – Building A Black Hole – Official Warner Bros._trailer.mp4
2026-04-21 00:58:37,236 - INFO - Saved frame at t=5.0s -> data/processed/frames/Interstellar – Building A Black Hole – Official Warner Bros._trailer_thumb.png
2026-04-21 00:58:37,926 - INFO - Extracted 22 keyframes from Interstellar – Building A Black Hole – Official Warner Bros._trailer.mp4 (every 10.0s)
2026-04-21 00:58:37,975 - INFO - Loaded video: Interstellar – Building A Black Hole – Official Warner Bros._trailer.mp4
2026-04-21 00:58:39,318 - INFO - Extracted audio -> data/processed/audio/Interstellar – Building A Black Hole – Official Warner Bros._trailer.mp3 (3433.3 KB)
2026-04-21 00:58:39,373 - INFO - Loaded video: Inception _ The Dream Sequence _ HBO Max_trailer.mp4
2026-04-21 00:58:39,463 - INFO - Saved frame at t=5.0s -> data/processed/frames/Inception _ The Dream Sequence _ HBO Max_trailer_thumb.png
2026-04-21 00:58:40,194 - INFO - Extracted 20 keyframes from Inception _ The Dream Sequence _ HBO Max_trailer.mp4 (every 10.0s)
2026-04-21 00:58:40,249 - INFO - Loaded video: Inception _ The Dream Sequence _ HBO Max_trailer.mp4
2026-04-21 00:58:41,321 - INFO - Extracted audio -> data/processed/audio/Inception _ The Dream Sequence _ HBO Max_trailer.mp3 (3007.2 KB)
2026-04-21 00:58:41,372 - INFO - Loaded video: Interstellar - Christopher Nolan - Official Warner Bros._trailer.mp4
2026-04-21 00:58:41,459 - INFO - Saved frame at t=5.0s -> data/processed/frames/Interstellar - Christopher Nolan - Official Warner Bros._trailer_thumb.png
2026-04-21 00:58:42,162 - INFO - Extracted 21 keyframes from Interstellar - Christopher Nolan - Official Warner Bros._trailer.mp4 (every 10.0s)
2026-04-21 00:58:42,213 - INFO - Loaded video: Interstellar - Christopher Nolan - Official Warner Bros._trailer.mp4
2026-04-21 00:58:43,419 - INFO - Extracted audio -> data/processed/audio/Interstellar - Christopher Nolan - Official Warner Bros._trailer.mp3 (3217.0 KB)
2026-04-21 00:58:43,727 - INFO - Successfully fetched data from https://api.themoviedb.org/3/movie/popular (Page 1)
2026-04-21 00:58:43,851 - INFO - Successfully fetched data from https://api.themoviedb.org/3/movie/popular (Page 2)
2026-04-21 00:58:43,964 - INFO - Successfully fetched data from https://api.themoviedb.org/3/movie/popular (Page 3)
2026-04-21 00:58:43,989 - INFO - Demonstrating NumPy array creation methods
2026-04-21 00:58:43,990 - INFO - Array creation complete
2026-04-21 00:58:43,990 - INFO - NumPy arrays created: ['popularity', 'revenue_placeholder', 'genre_weights', 'years', 'score_buffer']
2026-04-21 00:58:43,990 - INFO - Running vectorized operations
2026-04-21 00:58:43,990 - INFO - Vectorized operations complete: mean=7.12
2026-04-21 00:58:43,991 - INFO - Vectorized ops: mean=7.12 high_rated=3
2026-04-21 00:58:43,991 - INFO - Connecting to MongoDB: movie_pipeline / raw_movies
2026-04-21 00:58:44,010 - INFO - Loaded 901 rows from MongoDB
2026-04-21 00:58:44,032 - INFO - Saved 901 rows → data/processed/analytics/tmdb_movies.csv
2026-04-21 00:58:44,032 - INFO - Chunked stats: path=data/processed/analytics/tmdb_movies.csv chunk_size=200
2026-04-21 00:58:44,045 - INFO - Chunked stats complete: total_rows=901 global_mean=6.6803
2026-04-21 00:58:44,045 - INFO - Chunked mean vote_avg: 6.6803 over 901 rows
2026-04-21 00:58:44,049 - INFO - Memory: 0.93 MB → 0.89 MB (reduction 4.2%)
2026-04-21 00:58:44,049 - INFO - Memory reduction: 4.2%
2026-04-21 00:58:44,054 - INFO - Saved 901 rows → data/processed/analytics/tmdb_movies_optimised.csv
2026-04-21 00:58:44,054 - INFO - Shape: 901 rows × 38 columns
2026-04-21 00:58:44,054 - INFO - Dataset shape: 901x38
2026-04-21 00:58:44,057 - INFO - Extracted release_year: 720 non-null
2026-04-21 00:58:44,683 - INFO - Saved distribution chart → data/processed/analytics/distributions.png
2026-04-21 00:58:44,683 - INFO - loc filter (vote_avg >= 8.0): 20 rows
2026-04-21 00:58:44,683 - INFO - Acclaimed movies: 20
2026-04-21 00:58:44,683 - INFO - boolean_filter: 68 rows match
2026-04-21 00:58:44,683 - INFO - Quality+popular: 68 movies
2026-04-21 00:58:44,684 - WARNING - No genres column found
2026-04-21 00:58:44,684 - INFO - Top genres: []
2026-04-21 00:58:44,685 - INFO - Crime-related overviews: 12
2026-04-21 00:58:44,685 - INFO - Crime overviews: 12
2026-04-21 00:58:44,686 - INFO - Columns with missing values: 38
2026-04-21 00:58:44,686 - INFO - Zero-as-missing check complete for: []
2026-04-21 00:58:44,688 - INFO - Quality report: 39 issues found
2026-04-21 00:58:44,805 - INFO - Saved missing heatmap → data/processed/analytics/missing_heatmap.png
2026-04-21 00:58:44,810 - INFO - Outlier detection complete: 12 columns checked
2026-04-21 00:58:44,810 - INFO - Outlier report columns: 12
2026-04-21 00:58:44,810 - INFO - COMPLETED
2026-04-21 00:58:44,810 - INFO - Pipeline finished successfully
